SF:lib\src\bootstrap\app_config.dart
DA:2,5
DA:10,0
DA:15,1
DA:16,2
DA:17,1
DA:19,2
DA:20,1
LF:7
LH:6
end_of_record
SF:lib\src\data\app_database.g.dart
DA:10,11
DA:13,22
DA:15,11
DA:24,22
DA:26,11
DA:35,22
DA:37,11
DA:44,22
DA:46,11
DA:53,22
DA:55,11
DA:62,22
DA:64,11
DA:68,11
DA:77,22
DA:79,11
DA:83,11
DA:92,22
DA:94,11
DA:103,22
DA:105,11
DA:114,22
DA:116,11
DA:121,11
DA:122,11
DA:123,11
DA:124,11
DA:125,11
DA:126,11
DA:127,11
DA:128,11
DA:129,11
DA:130,11
DA:131,11
DA:132,11
DA:134,11
DA:135,22
DA:136,11
DA:139,0
DA:144,0
DA:145,0
DA:146,0
DA:147,0
DA:149,0
DA:151,0
DA:152,0
DA:154,0
DA:157,0
DA:159,0
DA:160,0
DA:162,0
DA:163,0
DA:168,0
DA:170,0
DA:171,0
DA:173,0
DA:176,0
DA:177,0
DA:179,0
DA:182,0
DA:184,0
DA:185,0
DA:187,0
DA:190,0
DA:191,0
DA:193,0
DA:194,0
DA:199,0
DA:200,0
DA:202,0
DA:205,0
DA:207,0
DA:208,0
DA:210,0
DA:213,0
DA:215,0
DA:216,0
DA:218,0
DA:224,11
DA:225,11
DA:226,0
DA:228,0
DA:229,0
DA:230,0
DA:232,0
DA:234,0
DA:236,0
DA:238,0
DA:240,0
DA:242,0
DA:244,0
DA:246,0
DA:248,0
DA:250,0
DA:252,0
DA:254,0
DA:256,0
DA:258,0
DA:260,0
DA:262,0
DA:264,0
DA:266,0
DA:268,0
DA:273,0
DA:275,0
DA:290,3
DA:302,0
DA:304,0
DA:305,0
DA:306,0
DA:307,0
DA:308,0
DA:309,0
DA:311,0
DA:312,0
DA:313,0
DA:314,0
DA:315,0
DA:316,0
DA:317,0
DA:322,0
DA:323,0
DA:324,0
DA:325,0
DA:326,0
DA:327,0
DA:329,0
DA:330,0
DA:331,0
DA:332,0
DA:333,0
DA:334,0
DA:335,0
DA:337,0
DA:341,0
DA:345,0
DA:346,0
DA:347,0
DA:348,0
DA:349,0
DA:350,0
DA:351,0
DA:352,0
DA:353,0
DA:354,0
DA:355,0
DA:356,0
DA:359,0
DA:361,0
DA:362,0
DA:363,0
DA:364,0
DA:365,0
DA:366,0
DA:367,0
DA:368,0
DA:369,0
DA:370,0
DA:371,0
DA:372,0
DA:376,0
DA:387,0
DA:388,0
DA:389,0
DA:390,0
DA:391,0
DA:392,0
DA:393,0
DA:394,0
DA:395,0
DA:396,0
DA:397,0
DA:399,0
DA:400,0
DA:401,0
DA:402,0
DA:403,0
DA:404,0
DA:405,0
DA:406,0
DA:407,0
DA:408,0
DA:409,0
DA:410,0
DA:411,0
DA:412,0
DA:413,0
DA:414,0
DA:418,0
DA:420,0
DA:421,0
DA:422,0
DA:423,0
DA:424,0
DA:425,0
DA:426,0
DA:427,0
DA:428,0
DA:429,0
DA:430,0
DA:431,0
DA:432,0
DA:435,0
DA:436,0
DA:437,0
DA:438,0
DA:439,0
DA:440,0
DA:441,0
DA:442,0
DA:443,0
DA:444,0
DA:445,0
DA:446,0
DA:448,0
DA:451,0
DA:452,0
DA:453,0
DA:454,0
DA:455,0
DA:456,0
DA:457,0
DA:458,0
DA:459,0
DA:460,0
DA:461,0
DA:476,0
DA:489,0
DA:501,0
DA:502,0
DA:503,0
DA:504,0
DA:505,0
DA:506,0
DA:507,0
DA:520,0
DA:521,0
DA:522,0
DA:523,0
DA:524,0
DA:525,0
DA:526,0
DA:527,0
DA:528,0
DA:529,0
DA:530,0
DA:531,0
DA:535,0
DA:548,0
DA:549,0
DA:550,0
DA:551,0
DA:552,0
DA:553,0
DA:554,0
DA:555,0
DA:556,0
DA:557,0
DA:558,0
DA:559,0
DA:563,0
DA:565,0
DA:566,0
DA:567,0
DA:569,0
DA:570,0
DA:572,0
DA:573,0
DA:575,0
DA:576,0
DA:578,0
DA:579,0
DA:581,0
DA:582,0
DA:584,0
DA:585,0
DA:587,0
DA:588,0
DA:590,0
DA:591,0
DA:593,0
DA:594,0
DA:596,0
DA:597,0
DA:602,0
DA:604,0
DA:605,0
DA:606,0
DA:607,0
DA:608,0
DA:609,0
DA:610,0
DA:611,0
DA:612,0
DA:613,0
DA:614,0
DA:615,0
DA:616,0
DA:617,0
DA:626,11
DA:629,22
DA:631,11
DA:638,22
DA:640,11
DA:647,22
DA:649,11
DA:658,22
DA:660,11
DA:667,22
DA:669,11
DA:677,11
DA:678,11
DA:680,11
DA:689,22
DA:691,11
DA:700,22
DA:702,11
DA:711,22
DA:713,11
DA:718,11
DA:719,11
DA:720,11
DA:721,11
DA:722,11
DA:723,11
DA:724,11
DA:725,11
DA:726,11
DA:727,11
DA:728,11
DA:730,11
DA:731,22
DA:732,11
DA:735,1
DA:740,1
DA:741,1
DA:742,1
DA:743,4
DA:745,0
DA:747,1
DA:748,1
DA:750,3
DA:753,0
DA:755,1
DA:756,1
DA:758,3
DA:761,0
DA:763,1
DA:764,1
DA:766,3
DA:769,1
DA:770,1
DA:772,3
DA:775,1
DA:776,0
DA:778,0
DA:779,0
DA:784,1
DA:785,1
DA:787,3
DA:790,0
DA:792,1
DA:793,1
DA:795,3
DA:798,0
DA:800,1
DA:801,1
DA:803,3
DA:809,11
DA:810,11
DA:811,1
DA:813,0
DA:814,1
DA:815,3
DA:817,2
DA:819,3
DA:821,2
DA:823,3
DA:825,2
DA:827,3
DA:829,2
DA:831,3
DA:833,2
DA:835,3
DA:837,2
DA:839,3
DA:841,2
DA:843,3
DA:845,2
DA:847,3
DA:849,2
DA:854,0
DA:856,0
DA:870,10
DA:881,0
DA:883,0
DA:884,0
DA:885,0
DA:886,0
DA:887,0
DA:888,0
DA:890,0
DA:891,0
DA:893,0
DA:894,0
DA:896,0
DA:897,0
DA:898,0
DA:899,0
DA:904,0
DA:905,0
DA:906,0
DA:907,0
DA:908,0
DA:909,0
DA:911,0
DA:912,0
DA:914,0
DA:915,0
DA:917,0
DA:918,0
DA:919,0
DA:920,0
DA:922,0
DA:926,0
DA:930,0
DA:931,0
DA:932,0
DA:933,0
DA:934,0
DA:935,0
DA:936,0
DA:937,0
DA:938,0
DA:940,0
DA:941,0
DA:942,0
DA:945,0
DA:947,0
DA:948,0
DA:949,0
DA:950,0
DA:951,0
DA:952,0
DA:953,0
DA:954,0
DA:955,0
DA:956,0
DA:957,0
DA:961,0
DA:971,0
DA:972,0
DA:973,0
DA:974,0
DA:975,0
DA:976,0
DA:977,0
DA:978,0
DA:979,0
DA:980,0
DA:981,0
DA:982,0
DA:984,0
DA:985,0
DA:986,0
DA:987,0
DA:988,0
DA:989,0
DA:990,0
DA:991,0
DA:992,0
DA:993,0
DA:994,0
DA:995,0
DA:996,0
DA:1000,0
DA:1002,0
DA:1003,0
DA:1004,0
DA:1005,0
DA:1006,0
DA:1007,0
DA:1008,0
DA:1009,0
DA:1010,0
DA:1011,0
DA:1012,0
DA:1013,0
DA:1016,0
DA:1017,0
DA:1018,0
DA:1019,0
DA:1020,0
DA:1021,0
DA:1022,0
DA:1023,0
DA:1024,0
DA:1025,0
DA:1026,0
DA:1028,4
DA:1031,0
DA:1032,0
DA:1033,0
DA:1034,0
DA:1035,0
DA:1036,0
DA:1037,0
DA:1038,0
DA:1039,0
DA:1040,0
DA:1054,0
DA:1066,1
DA:1077,1
DA:1078,1
DA:1079,1
DA:1080,1
DA:1081,1
DA:1082,0
DA:1094,0
DA:1095,0
DA:1096,0
DA:1097,0
DA:1098,0
DA:1099,0
DA:1101,0
DA:1102,0
DA:1103,0
DA:1104,0
DA:1105,0
DA:1109,0
DA:1121,0
DA:1122,0
DA:1123,0
DA:1124,0
DA:1125,0
DA:1126,0
DA:1127,0
DA:1128,0
DA:1129,0
DA:1130,0
DA:1131,0
DA:1135,1
DA:1137,1
DA:1138,2
DA:1139,4
DA:1141,2
DA:1142,4
DA:1144,2
DA:1145,4
DA:1147,2
DA:1148,4
DA:1150,2
DA:1151,4
DA:1153,2
DA:1154,0
DA:1155,0
DA:1158,2
DA:1159,4
DA:1161,2
DA:1162,4
DA:1164,2
DA:1165,4
DA:1167,2
DA:1168,0
DA:1173,0
DA:1175,0
DA:1176,0
DA:1177,0
DA:1178,0
DA:1179,0
DA:1180,0
DA:1181,0
DA:1182,0
DA:1183,0
DA:1184,0
DA:1185,0
DA:1186,0
DA:1187,0
DA:1195,11
DA:1198,22
DA:1200,11
DA:1209,22
DA:1211,11
DA:1220,22
DA:1222,11
DA:1231,22
DA:1233,11
DA:1240,22
DA:1242,11
DA:1251,22
DA:1253,11
DA:1262,22
DA:1264,11
DA:1271,22
DA:1273,11
DA:1282,22
DA:1284,11
DA:1293,11
DA:1294,11
DA:1296,11
DA:1305,22
DA:1307,11
DA:1314,22
DA:1316,11
DA:1326,22
DA:1328,11
DA:1337,22
DA:1339,11
DA:1348,22
DA:1350,11
DA:1359,22
DA:1361,11
DA:1370,22
DA:1372,11
DA:1381,22
DA:1383,11
DA:1392,22
DA:1394,11
DA:1404,22
DA:1406,11
DA:1416,22
DA:1418,11
DA:1426,11
DA:1427,11
DA:1429,11
DA:1439,11
DA:1440,11
DA:1442,11
DA:1451,22
DA:1453,11
DA:1462,22
DA:1464,11
DA:1473,22
DA:1475,11
DA:1485,22
DA:1487,11
DA:1496,22
DA:1498,11
DA:1508,22
DA:1510,11
DA:1514,11
DA:1522,22
DA:1524,11
DA:1533,11
DA:1534,11
DA:1536,11
DA:1542,11
DA:1543,11
DA:1544,11
DA:1545,11
DA:1546,11
DA:1547,11
DA:1548,11
DA:1549,11
DA:1550,11
DA:1551,11
DA:1552,11
DA:1553,11
DA:1554,11
DA:1555,11
DA:1556,11
DA:1557,11
DA:1558,11
DA:1559,11
DA:1560,11
DA:1561,11
DA:1562,11
DA:1563,11
DA:1564,11
DA:1565,11
DA:1566,11
DA:1567,11
DA:1568,11
DA:1569,11
DA:1570,11
DA:1571,11
DA:1572,11
DA:1573,11
DA:1574,11
DA:1576,11
DA:1577,22
DA:1578,11
DA:1581,4
DA:1586,4
DA:1587,4
DA:1588,4
DA:1589,16
DA:1591,0
DA:1593,4
DA:1594,4
DA:1596,12
DA:1599,0
DA:1601,4
DA:1602,1
DA:1604,3
DA:1607,4
DA:1608,4
DA:1610,8
DA:1611,4
DA:1616,0
DA:1618,4
DA:1619,4
DA:1621,12
DA:1624,0
DA:1626,4
DA:1627,4
DA:1629,12
DA:1632,0
DA:1634,4
DA:1635,4
DA:1637,8
DA:1638,4
DA:1643,0
DA:1645,4
DA:1646,4
DA:1648,12
DA:1651,0
DA:1653,4
DA:1654,4
DA:1656,8
DA:1657,4
DA:1662,0
DA:1664,4
DA:1665,4
DA:1667,8
DA:1668,4
DA:1673,0
DA:1675,4
DA:1676,4
DA:1678,12
DA:1681,0
DA:1683,4
DA:1684,3
DA:1686,9
DA:1689,4
DA:1690,1
DA:1692,2
DA:1693,1
DA:1698,4
DA:1699,1
DA:1701,2
DA:1702,1
DA:1707,4
DA:1708,4
DA:1710,8
DA:1711,4
DA:1716,0
DA:1718,4
DA:1719,4
DA:1721,12
DA:1724,0
DA:1726,4
DA:1727,2
DA:1729,6
DA:1732,4
DA:1733,2
DA:1735,6
DA:1738,4
DA:1739,4
DA:1741,12
DA:1744,4
DA:1745,4
DA:1747,12
DA:1750,4
DA:1751,1
DA:1753,3
DA:1756,4
DA:1757,0
DA:1759,0
DA:1760,0
DA:1765,4
DA:1766,0
DA:1768,0
DA:1769,0
DA:1774,4
DA:1775,0
DA:1777,0
DA:1778,0
DA:1783,4
DA:1784,0
DA:1786,0
DA:1789,4
DA:1790,0
DA:1792,0
DA:1793,0
DA:1798,4
DA:1799,0
DA:1801,0
DA:1804,4
DA:1805,0
DA:1807,0
DA:1808,0
DA:1813,4
DA:1814,0
DA:1816,0
DA:1819,4
DA:1820,0
DA:1822,0
DA:1823,0
DA:1828,4
DA:1829,0
DA:1831,0
DA:1832,0
DA:1840,11
DA:1841,11
DA:1842,4
DA:1844,0
DA:1845,4
DA:1846,12
DA:1848,8
DA:1850,12
DA:1852,8
DA:1854,12
DA:1856,8
DA:1858,12
DA:1860,8
DA:1862,12
DA:1864,8
DA:1866,12
DA:1868,8
DA:1870,12
DA:1872,8
DA:1874,12
DA:1876,8
DA:1878,12
DA:1880,8
DA:1882,12
DA:1884,8
DA:1886,12
DA:1888,8
DA:1890,12
DA:1892,8
DA:1894,12
DA:1896,8
DA:1898,12
DA:1900,8
DA:1902,12
DA:1904,8
DA:1906,12
DA:1908,8
DA:1910,12
DA:1912,8
DA:1914,12
DA:1916,8
DA:1918,12
DA:1920,8
DA:1922,12
DA:1924,8
DA:1926,12
DA:1928,8
DA:1930,12
DA:1932,8
DA:1934,12
DA:1936,8
DA:1938,12
DA:1940,8
DA:1942,12
DA:1944,8
DA:1946,12
DA:1948,8
DA:1950,12
DA:1952,8
DA:1954,12
DA:1956,8
DA:1958,12
DA:1960,8
DA:1962,12
DA:1964,8
DA:1966,12
DA:1968,8
DA:1973,0
DA:1975,0
DA:2011,5
DA:2044,0
DA:2046,0
DA:2047,0
DA:2048,0
DA:2049,0
DA:2050,0
DA:2052,0
DA:2053,0
DA:2054,0
DA:2055,0
DA:2056,0
DA:2057,0
DA:2058,0
DA:2059,0
DA:2060,0
DA:2061,0
DA:2062,0
DA:2064,0
DA:2065,0
DA:2067,0
DA:2068,0
DA:2069,0
DA:2070,0
DA:2072,0
DA:2073,0
DA:2075,0
DA:2076,0
DA:2077,0
DA:2078,0
DA:2080,0
DA:2081,0
DA:2082,0
DA:2084,0
DA:2085,0
DA:2087,0
DA:2088,0
DA:2089,0
DA:2090,0
DA:2091,0
DA:2092,0
DA:2093,0
DA:2097,0
DA:2098,0
DA:2099,0
DA:2100,0
DA:2101,0
DA:2103,0
DA:2104,0
DA:2105,0
DA:2106,0
DA:2107,0
DA:2108,0
DA:2109,0
DA:2110,0
DA:2111,0
DA:2112,0
DA:2113,0
DA:2115,0
DA:2116,0
DA:2118,0
DA:2119,0
DA:2120,0
DA:2121,0
DA:2123,0
DA:2124,0
DA:2126,0
DA:2127,0
DA:2128,0
DA:2129,0
DA:2131,0
DA:2132,0
DA:2133,0
DA:2135,0
DA:2136,0
DA:2138,0
DA:2139,0
DA:2140,0
DA:2141,0
DA:2142,0
DA:2143,0
DA:2144,0
DA:2145,0
DA:2149,0
DA:2153,0
DA:2154,0
DA:2155,0
DA:2156,0
DA:2157,0
DA:2158,0
DA:2159,0
DA:2160,0
DA:2161,0
DA:2162,0
DA:2163,0
DA:2164,0
DA:2165,0
DA:2166,0
DA:2167,0
DA:2168,0
DA:2169,0
DA:2170,0
DA:2171,0
DA:2172,0
DA:2173,0
DA:2174,0
DA:2175,0
DA:2176,0
DA:2177,0
DA:2179,0
DA:2180,0
DA:2182,0
DA:2183,0
DA:2184,0
DA:2185,0
DA:2187,0
DA:2188,0
DA:2189,0
DA:2191,0
DA:2192,0
DA:2193,0
DA:2195,0
DA:2196,0
DA:2200,0
DA:2202,0
DA:2203,0
DA:2204,0
DA:2205,0
DA:2206,0
DA:2207,0
DA:2208,0
DA:2209,0
DA:2210,0
DA:2211,0
DA:2212,0
DA:2213,0
DA:2214,0
DA:2215,0
DA:2216,0
DA:2217,0
DA:2218,0
DA:2219,0
DA:2220,0
DA:2221,0
DA:2222,0
DA:2223,0
DA:2224,0
DA:2225,0
DA:2226,0
DA:2227,0
DA:2228,0
DA:2229,0
DA:2230,0
DA:2231,0
DA:2232,0
DA:2233,0
DA:2234,0
DA:2238,1
DA:2270,1
DA:2271,1
DA:2272,0
DA:2273,2
DA:2274,1
DA:2275,1
DA:2276,1
DA:2277,1
DA:2278,1
DA:2279,1
DA:2280,1
DA:2281,1
DA:2282,1
DA:2283,2
DA:2284,1
DA:2285,0
DA:2286,1
DA:2287,1
DA:2288,1
DA:2289,2
DA:2290,2
DA:2291,1
DA:2292,1
DA:2293,2
DA:2294,1
DA:2295,1
DA:2296,0
DA:2297,1
DA:2298,1
DA:2299,0
DA:2300,1
DA:2301,1
DA:2302,1
DA:2303,1
DA:2305,1
DA:2306,1
DA:2308,1
DA:2309,1
DA:2311,0
DA:2312,0
DA:2313,0
DA:2314,0
DA:2315,0
DA:2316,0
DA:2317,0
DA:2318,0
DA:2319,0
DA:2320,0
DA:2321,0
DA:2322,0
DA:2323,0
DA:2324,0
DA:2325,0
DA:2326,0
DA:2327,0
DA:2328,0
DA:2329,0
DA:2330,0
DA:2331,0
DA:2332,0
DA:2333,0
DA:2334,0
DA:2335,0
DA:2336,0
DA:2337,0
DA:2338,0
DA:2339,0
DA:2340,0
DA:2341,0
DA:2342,0
DA:2343,0
DA:2344,0
DA:2345,0
DA:2346,0
DA:2347,0
DA:2348,0
DA:2349,0
DA:2350,0
DA:2351,0
DA:2352,0
DA:2353,0
DA:2354,0
DA:2355,0
DA:2356,0
DA:2357,0
DA:2358,0
DA:2359,0
DA:2360,0
DA:2361,0
DA:2362,0
DA:2363,0
DA:2364,0
DA:2365,0
DA:2366,0
DA:2367,0
DA:2368,0
DA:2369,0
DA:2370,0
DA:2371,0
DA:2372,0
DA:2373,0
DA:2377,0
DA:2379,0
DA:2380,0
DA:2381,0
DA:2382,0
DA:2383,0
DA:2384,0
DA:2385,0
DA:2386,0
DA:2387,0
DA:2388,0
DA:2389,0
DA:2390,0
DA:2391,0
DA:2392,0
DA:2393,0
DA:2394,0
DA:2395,0
DA:2396,0
DA:2397,0
DA:2398,0
DA:2399,0
DA:2400,0
DA:2401,0
DA:2402,0
DA:2403,0
DA:2404,0
DA:2405,0
DA:2406,0
DA:2407,0
DA:2408,0
DA:2409,0
DA:2410,0
DA:2411,0
DA:2412,0
DA:2415,0
DA:2416,0
DA:2417,0
DA:2418,0
DA:2419,0
DA:2420,0
DA:2421,0
DA:2422,0
DA:2423,0
DA:2424,0
DA:2425,0
DA:2426,0
DA:2427,0
DA:2428,0
DA:2429,0
DA:2430,0
DA:2431,0
DA:2432,0
DA:2433,0
DA:2434,0
DA:2435,0
DA:2436,0
DA:2437,0
DA:2438,0
DA:2439,0
DA:2440,0
DA:2441,0
DA:2442,0
DA:2443,0
DA:2444,0
DA:2445,0
DA:2446,0
DA:2447,0
DA:2449,0
DA:2452,0
DA:2453,0
DA:2454,0
DA:2455,0
DA:2456,0
DA:2457,0
DA:2458,0
DA:2459,0
DA:2460,0
DA:2461,0
DA:2462,0
DA:2463,0
DA:2464,0
DA:2465,0
DA:2466,0
DA:2467,0
DA:2468,0
DA:2469,0
DA:2470,0
DA:2471,0
DA:2472,0
DA:2473,0
DA:2474,0
DA:2475,0
DA:2476,0
DA:2477,0
DA:2478,0
DA:2479,0
DA:2480,0
DA:2481,0
DA:2482,0
DA:2483,0
DA:2519,0
DA:2553,4
DA:2586,4
DA:2587,4
DA:2588,4
DA:2589,4
DA:2590,4
DA:2591,4
DA:2592,4
DA:2593,4
DA:2594,4
DA:2595,4
DA:2596,4
DA:2597,4
DA:2598,0
DA:2632,0
DA:2633,0
DA:2634,0
DA:2635,0
DA:2636,0
DA:2637,0
DA:2638,0
DA:2639,0
DA:2640,0
DA:2641,0
DA:2642,0
DA:2643,0
DA:2644,0
DA:2645,0
DA:2646,0
DA:2647,0
DA:2648,0
DA:2649,0
DA:2650,0
DA:2651,0
DA:2652,0
DA:2653,0
DA:2655,0
DA:2656,0
DA:2657,0
DA:2658,0
DA:2660,0
DA:2661,0
DA:2663,0
DA:2664,0
DA:2666,0
DA:2668,0
DA:2669,0
DA:2673,0
DA:2707,0
DA:2708,0
DA:2709,0
DA:2710,0
DA:2711,0
DA:2712,0
DA:2713,0
DA:2714,0
DA:2715,0
DA:2716,0
DA:2717,0
DA:2718,0
DA:2719,0
DA:2720,0
DA:2721,0
DA:2722,0
DA:2723,0
DA:2724,0
DA:2725,0
DA:2726,0
DA:2727,0
DA:2728,0
DA:2729,0
DA:2730,0
DA:2731,0
DA:2732,0
DA:2733,0
DA:2734,0
DA:2736,0
DA:2737,0
DA:2739,0
DA:2740,0
DA:2741,0
DA:2745,4
DA:2747,4
DA:2748,8
DA:2749,16
DA:2751,8
DA:2752,16
DA:2754,8
DA:2755,4
DA:2757,8
DA:2758,16
DA:2760,8
DA:2761,16
DA:2763,8
DA:2764,16
DA:2766,8
DA:2767,16
DA:2769,8
DA:2770,16
DA:2772,8
DA:2773,16
DA:2775,8
DA:2776,16
DA:2778,8
DA:2779,16
DA:2781,8
DA:2782,12
DA:2784,8
DA:2785,4
DA:2787,8
DA:2788,4
DA:2790,8
DA:2791,16
DA:2793,8
DA:2794,16
DA:2796,8
DA:2797,8
DA:2799,8
DA:2800,8
DA:2802,8
DA:2803,16
DA:2805,8
DA:2806,16
DA:2808,8
DA:2809,4
DA:2811,8
DA:2812,0
DA:2813,0
DA:2816,8
DA:2817,0
DA:2819,8
DA:2820,0
DA:2822,8
DA:2823,0
DA:2825,8
DA:2826,0
DA:2828,8
DA:2829,0
DA:2831,8
DA:2832,0
DA:2833,0
DA:2836,8
DA:2837,0
DA:2839,8
DA:2840,0
DA:2841,0
DA:2844,8
DA:2845,0
DA:2847,8
DA:2848,0
DA:2853,0
DA:2855,0
DA:2856,0
DA:2857,0
DA:2858,0
DA:2859,0
DA:2860,0
DA:2861,0
DA:2862,0
DA:2863,0
DA:2864,0
DA:2865,0
DA:2866,0
DA:2867,0
DA:2868,0
DA:2869,0
DA:2870,0
DA:2871,0
DA:2872,0
DA:2873,0
DA:2874,0
DA:2875,0
DA:2876,0
DA:2877,0
DA:2878,0
DA:2879,0
DA:2880,0
DA:2881,0
DA:2882,0
DA:2883,0
DA:2884,0
DA:2885,0
DA:2886,0
DA:2887,0
DA:2888,0
DA:2889,0
DA:2898,11
DA:2901,22
DA:2903,11
DA:2912,22
DA:2914,11
DA:2923,22
DA:2925,11
DA:2934,22
DA:2936,11
DA:2945,22
DA:2947,11
DA:2956,22
DA:2958,11
DA:2965,22
DA:2967,11
DA:2976,22
DA:2978,11
DA:2983,11
DA:2984,11
DA:2985,11
DA:2986,11
DA:2987,11
DA:2988,11
DA:2989,11
DA:2990,11
DA:2991,11
DA:2992,11
DA:2994,11
DA:2995,22
DA:2996,11
DA:2999,1
DA:3004,1
DA:3005,1
DA:3006,1
DA:3007,4
DA:3009,0
DA:3011,1
DA:3012,1
DA:3014,3
DA:3017,0
DA:3019,1
DA:3020,1
DA:3022,3
DA:3025,1
DA:3026,1
DA:3028,3
DA:3031,0
DA:3033,1
DA:3034,1
DA:3036,3
DA:3039,0
DA:3041,1
DA:3042,1
DA:3044,3
DA:3047,0
DA:3049,1
DA:3050,1
DA:3052,3
DA:3055,0
DA:3057,1
DA:3058,1
DA:3060,2
DA:3061,1
DA:3069,11
DA:3070,11
DA:3071,1
DA:3073,0
DA:3074,1
DA:3075,3
DA:3077,2
DA:3079,3
DA:3081,2
DA:3083,3
DA:3085,2
DA:3087,3
DA:3089,2
DA:3091,3
DA:3093,2
DA:3095,3
DA:3097,2
DA:3099,3
DA:3101,2
DA:3103,3
DA:3105,2
DA:3110,0
DA:3112,0
DA:3126,2
DA:3136,0
DA:3138,0
DA:3139,0
DA:3140,0
DA:3141,0
DA:3142,0
DA:3144,0
DA:3145,0
DA:3146,0
DA:3147,0
DA:3148,0
DA:3149,0
DA:3154,0
DA:3155,0
DA:3156,0
DA:3157,0
DA:3158,0
DA:3160,0
DA:3161,0
DA:3162,0
DA:3163,0
DA:3164,0
DA:3165,0
DA:3167,0
DA:3171,0
DA:3175,0
DA:3176,0
DA:3177,0
DA:3178,0
DA:3179,0
DA:3180,0
DA:3181,0
DA:3182,0
DA:3183,0
DA:3184,0
DA:3187,0
DA:3189,0
DA:3190,0
DA:3191,0
DA:3192,0
DA:3193,0
DA:3194,0
DA:3195,0
DA:3196,0
DA:3197,0
DA:3198,0
DA:3202,0
DA:3211,0
DA:3212,0
DA:3213,0
DA:3214,0
DA:3215,0
DA:3216,0
DA:3217,0
DA:3218,0
DA:3219,0
DA:3220,0
DA:3221,0
DA:3223,0
DA:3224,0
DA:3225,0
DA:3226,0
DA:3227,0
DA:3228,0
DA:3229,0
DA:3230,0
DA:3231,0
DA:3232,0
DA:3233,0
DA:3234,0
DA:3235,0
DA:3236,0
DA:3240,0
DA:3242,0
DA:3243,0
DA:3244,0
DA:3245,0
DA:3246,0
DA:3247,0
DA:3248,0
DA:3249,0
DA:3250,0
DA:3251,0
DA:3252,0
DA:3255,0
DA:3256,0
DA:3257,0
DA:3258,0
DA:3259,0
DA:3260,0
DA:3261,0
DA:3262,0
DA:3263,0
DA:3264,0
DA:3266,0
DA:3269,0
DA:3270,0
DA:3271,0
DA:3272,0
DA:3273,0
DA:3274,0
DA:3275,0
DA:3276,0
DA:3277,0
DA:3290,0
DA:3301,1
DA:3311,1
DA:3312,1
DA:3313,1
DA:3314,1
DA:3315,1
DA:3316,1
DA:3317,0
DA:3328,0
DA:3329,0
DA:3330,0
DA:3331,0
DA:3332,0
DA:3333,0
DA:3334,0
DA:3335,0
DA:3336,0
DA:3337,0
DA:3341,0
DA:3352,0
DA:3353,0
DA:3354,0
DA:3355,0
DA:3356,0
DA:3357,0
DA:3358,0
DA:3359,0
DA:3360,0
DA:3361,0
DA:3365,1
DA:3367,1
DA:3368,2
DA:3369,4
DA:3371,2
DA:3372,4
DA:3374,2
DA:3375,4
DA:3377,2
DA:3378,4
DA:3380,2
DA:3381,4
DA:3383,2
DA:3384,4
DA:3386,2
DA:3387,4
DA:3389,2
DA:3390,4
DA:3392,2
DA:3393,0
DA:3398,0
DA:3400,0
DA:3401,0
DA:3402,0
DA:3403,0
DA:3404,0
DA:3405,0
DA:3406,0
DA:3407,0
DA:3408,0
DA:3409,0
DA:3410,0
DA:3411,0
DA:3420,11
DA:3423,22
DA:3425,11
DA:3434,22
DA:3436,11
DA:3443,22
DA:3445,11
DA:3454,22
DA:3456,11
DA:3465,22
DA:3467,11
DA:3474,22
DA:3476,11
DA:3485,22
DA:3487,11
DA:3496,22
DA:3498,11
DA:3507,22
DA:3509,11
DA:3518,22
DA:3520,11
DA:3525,11
DA:3526,11
DA:3527,11
DA:3528,11
DA:3529,11
DA:3530,11
DA:3531,11
DA:3532,11
DA:3533,11
DA:3534,11
DA:3535,11
DA:3536,11
DA:3538,11
DA:3539,22
DA:3540,11
DA:3543,0
DA:3548,0
DA:3549,0
DA:3550,0
DA:3551,0
DA:3553,0
DA:3555,0
DA:3556,0
DA:3558,0
DA:3561,0
DA:3563,0
DA:3564,0
DA:3566,0
DA:3569,0
DA:3571,0
DA:3572,0
DA:3574,0
DA:3577,0
DA:3579,0
DA:3580,0
DA:3582,0
DA:3585,0
DA:3587,0
DA:3588,0
DA:3590,0
DA:3593,0
DA:3594,0
DA:3596,0
DA:3599,0
DA:3601,0
DA:3602,0
DA:3604,0
DA:3607,0
DA:3609,0
DA:3610,0
DA:3612,0
DA:3615,0
DA:3617,0
DA:3618,0
DA:3620,0
DA:3626,11
DA:3627,11
DA:3628,0
DA:3630,0
DA:3631,0
DA:3632,0
DA:3634,0
DA:3636,0
DA:3638,0
DA:3640,0
DA:3642,0
DA:3644,0
DA:3646,0
DA:3648,0
DA:3650,0
DA:3652,0
DA:3654,0
DA:3656,0
DA:3658,0
DA:3660,0
DA:3662,0
DA:3664,0
DA:3666,0
DA:3668,0
DA:3670,0
DA:3675,0
DA:3677,0
DA:3692,2
DA:3704,0
DA:3706,0
DA:3707,0
DA:3708,0
DA:3709,0
DA:3710,0
DA:3711,0
DA:3712,0
DA:3713,0
DA:3715,0
DA:3716,0
DA:3717,0
DA:3718,0
DA:3719,0
DA:3724,0
DA:3725,0
DA:3726,0
DA:3727,0
DA:3728,0
DA:3729,0
DA:3730,0
DA:3731,0
DA:3733,0
DA:3734,0
DA:3735,0
DA:3736,0
DA:3737,0
DA:3739,0
DA:3743,0
DA:3747,0
DA:3748,0
DA:3749,0
DA:3750,0
DA:3751,0
DA:3752,0
DA:3753,0
DA:3754,0
DA:3755,0
DA:3756,0
DA:3757,0
DA:3758,0
DA:3761,0
DA:3763,0
DA:3764,0
DA:3765,0
DA:3766,0
DA:3767,0
DA:3768,0
DA:3769,0
DA:3770,0
DA:3771,0
DA:3772,0
DA:3773,0
DA:3774,0
DA:3778,0
DA:3789,0
DA:3790,0
DA:3791,0
DA:3792,0
DA:3793,0
DA:3794,0
DA:3795,0
DA:3796,0
DA:3797,0
DA:3798,0
DA:3799,0
DA:3801,0
DA:3802,0
DA:3803,0
DA:3804,0
DA:3805,0
DA:3806,0
DA:3807,0
DA:3808,0
DA:3809,0
DA:3810,0
DA:3811,0
DA:3812,0
DA:3813,0
DA:3814,0
DA:3815,0
DA:3816,0
DA:3820,0
DA:3822,0
DA:3823,0
DA:3824,0
DA:3825,0
DA:3826,0
DA:3827,0
DA:3828,0
DA:3829,0
DA:3830,0
DA:3831,0
DA:3832,0
DA:3833,0
DA:3834,0
DA:3837,0
DA:3838,0
DA:3839,0
DA:3840,0
DA:3841,0
DA:3842,0
DA:3843,0
DA:3844,0
DA:3845,0
DA:3846,0
DA:3847,0
DA:3848,0
DA:3850,0
DA:3853,0
DA:3854,0
DA:3855,0
DA:3856,0
DA:3857,0
DA:3858,0
DA:3859,0
DA:3860,0
DA:3861,0
DA:3862,0
DA:3863,0
DA:3878,0
DA:3891,0
DA:3903,0
DA:3904,0
DA:3905,0
DA:3906,0
DA:3907,0
DA:3908,0
DA:3909,0
DA:3910,0
DA:3911,0
DA:3924,0
DA:3925,0
DA:3926,0
DA:3927,0
DA:3928,0
DA:3929,0
DA:3930,0
DA:3931,0
DA:3932,0
DA:3933,0
DA:3934,0
DA:3935,0
DA:3939,0
DA:3952,0
DA:3953,0
DA:3954,0
DA:3955,0
DA:3956,0
DA:3957,0
DA:3958,0
DA:3959,0
DA:3960,0
DA:3961,0
DA:3962,0
DA:3963,0
DA:3967,0
DA:3969,0
DA:3970,0
DA:3971,0
DA:3973,0
DA:3974,0
DA:3976,0
DA:3977,0
DA:3979,0
DA:3980,0
DA:3982,0
DA:3983,0
DA:3985,0
DA:3986,0
DA:3988,0
DA:3989,0
DA:3991,0
DA:3992,0
DA:3994,0
DA:3995,0
DA:3997,0
DA:3998,0
DA:4000,0
DA:4001,0
DA:4006,0
DA:4008,0
DA:4009,0
DA:4010,0
DA:4011,0
DA:4012,0
DA:4013,0
DA:4014,0
DA:4015,0
DA:4016,0
DA:4017,0
DA:4018,0
DA:4019,0
DA:4020,0
DA:4021,0
DA:4030,11
DA:4033,22
DA:4035,11
DA:4044,22
DA:4046,11
DA:4055,22
DA:4057,11
DA:4064,22
DA:4066,11
DA:4073,22
DA:4075,11
DA:4082,22
DA:4084,11
DA:4093,22
DA:4095,11
DA:4104,22
DA:4106,11
DA:4111,11
DA:4112,11
DA:4113,11
DA:4114,11
DA:4115,11
DA:4116,11
DA:4117,11
DA:4118,11
DA:4119,11
DA:4120,11
DA:4122,11
DA:4123,22
DA:4124,11
DA:4127,1
DA:4132,1
DA:4133,1
DA:4134,1
DA:4135,4
DA:4137,0
DA:4139,1
DA:4140,1
DA:4142,2
DA:4143,1
DA:4148,0
DA:4150,1
DA:4151,1
DA:4153,2
DA:4154,1
DA:4159,0
DA:4161,1
DA:4162,1
DA:4164,3
DA:4167,1
DA:4168,1
DA:4170,3
DA:4173,1
DA:4174,1
DA:4176,3
DA:4179,1
DA:4180,1
DA:4182,3
DA:4185,1
DA:4186,1
DA:4188,3
DA:4191,0
DA:4196,11
DA:4197,11
DA:4198,1
DA:4200,0
DA:4201,1
DA:4202,3
DA:4204,2
DA:4206,3
DA:4208,2
DA:4210,3
DA:4212,2
DA:4214,3
DA:4216,2
DA:4218,3
DA:4220,2
DA:4222,3
DA:4224,2
DA:4226,3
DA:4228,2
DA:4230,3
DA:4232,2
DA:4237,0
DA:4239,0
DA:4252,1
DA:4262,0
DA:4264,0
DA:4265,0
DA:4266,0
DA:4267,0
DA:4268,0
DA:4269,0
DA:4271,0
DA:4272,0
DA:4274,0
DA:4275,0
DA:4277,0
DA:4278,0
DA:4280,0
DA:4284,0
DA:4285,0
DA:4286,0
DA:4287,0
DA:4288,0
DA:4289,0
DA:4291,0
DA:4292,0
DA:4294,0
DA:4295,0
DA:4297,0
DA:4298,0
DA:4300,0
DA:4301,0
DA:4305,0
DA:4309,0
DA:4310,0
DA:4311,0
DA:4312,0
DA:4313,0
DA:4314,0
DA:4315,0
DA:4316,0
DA:4317,0
DA:4318,0
DA:4321,0
DA:4323,0
DA:4324,0
DA:4325,0
DA:4326,0
DA:4327,0
DA:4328,0
DA:4329,0
DA:4330,0
DA:4331,0
DA:4332,0
DA:4336,0
DA:4345,0
DA:4346,0
DA:4347,0
DA:4348,0
DA:4349,0
DA:4350,0
DA:4351,0
DA:4352,0
DA:4353,0
DA:4355,0
DA:4356,0
DA:4357,0
DA:4358,0
DA:4359,0
DA:4360,0
DA:4361,0
DA:4362,0
DA:4363,0
DA:4364,0
DA:4365,0
DA:4366,0
DA:4367,0
DA:4368,0
DA:4369,0
DA:4370,0
DA:4374,0
DA:4376,0
DA:4377,0
DA:4378,0
DA:4379,0
DA:4380,0
DA:4381,0
DA:4382,0
DA:4383,0
DA:4384,0
DA:4385,0
DA:4386,0
DA:4389,0
DA:4390,0
DA:4391,0
DA:4392,0
DA:4393,0
DA:4394,0
DA:4395,0
DA:4396,0
DA:4397,0
DA:4398,0
DA:4400,0
DA:4403,0
DA:4404,0
DA:4405,0
DA:4406,0
DA:4407,0
DA:4408,0
DA:4409,0
DA:4410,0
DA:4411,0
DA:4424,0
DA:4435,1
DA:4445,1
DA:4446,1
DA:4447,1
DA:4448,1
DA:4449,0
DA:4460,0
DA:4461,0
DA:4462,0
DA:4463,0
DA:4464,0
DA:4465,0
DA:4466,0
DA:4467,0
DA:4468,0
DA:4469,0
DA:4473,0
DA:4484,0
DA:4485,0
DA:4486,0
DA:4487,0
DA:4488,0
DA:4489,0
DA:4490,0
DA:4491,0
DA:4492,0
DA:4493,0
DA:4497,1
DA:4499,1
DA:4500,2
DA:4501,4
DA:4503,2
DA:4504,4
DA:4506,2
DA:4507,4
DA:4509,2
DA:4510,4
DA:4512,2
DA:4513,4
DA:4515,2
DA:4516,4
DA:4518,2
DA:4519,4
DA:4521,2
DA:4522,4
DA:4524,2
DA:4525,0
DA:4530,0
DA:4532,0
DA:4533,0
DA:4534,0
DA:4535,0
DA:4536,0
DA:4537,0
DA:4538,0
DA:4539,0
DA:4540,0
DA:4541,0
DA:4542,0
DA:4543,0
DA:4551,11
DA:4554,22
DA:4556,11
DA:4565,22
DA:4567,11
DA:4574,22
DA:4576,11
DA:4585,22
DA:4587,11
DA:4596,22
DA:4598,11
DA:4607,22
DA:4609,11
DA:4618,22
DA:4620,11
DA:4629,22
DA:4631,11
DA:4636,11
DA:4637,11
DA:4638,11
DA:4639,11
DA:4640,11
DA:4641,11
DA:4642,11
DA:4643,11
DA:4644,11
DA:4645,11
DA:4647,11
DA:4648,22
DA:4649,11
DA:4652,1
DA:4657,1
DA:4658,1
DA:4659,1
DA:4660,4
DA:4662,0
DA:4664,1
DA:4665,1
DA:4667,3
DA:4670,1
DA:4671,1
DA:4673,3
DA:4676,0
DA:4678,1
DA:4679,1
DA:4681,2
DA:4682,1
DA:4687,0
DA:4689,1
DA:4690,1
DA:4692,3
DA:4695,0
DA:4697,1
DA:4698,1
DA:4700,3
DA:4703,0
DA:4705,1
DA:4706,1
DA:4708,3
DA:4711,1
DA:4712,1
DA:4714,3
DA:4720,11
DA:4721,11
DA:4722,1
DA:4724,0
DA:4725,1
DA:4726,3
DA:4728,2
DA:4730,3
DA:4732,2
DA:4734,3
DA:4736,2
DA:4738,3
DA:4740,2
DA:4742,3
DA:4744,2
DA:4746,3
DA:4748,2
DA:4750,3
DA:4752,2
DA:4754,3
DA:4756,2
DA:4761,0
DA:4763,0
DA:4776,1
DA:4786,0
DA:4788,0
DA:4789,0
DA:4790,0
DA:4791,0
DA:4793,0
DA:4794,0
DA:4795,0
DA:4796,0
DA:4797,0
DA:4798,0
DA:4800,0
DA:4801,0
DA:4806,0
DA:4807,0
DA:4808,0
DA:4809,0
DA:4811,0
DA:4812,0
DA:4813,0
DA:4814,0
DA:4815,0
DA:4816,0
DA:4818,0
DA:4819,0
DA:4821,0
DA:4825,0
DA:4829,0
DA:4830,0
DA:4831,0
DA:4832,0
DA:4833,0
DA:4834,0
DA:4835,0
DA:4836,0
DA:4837,0
DA:4838,0
DA:4841,0
DA:4843,0
DA:4844,0
DA:4845,0
DA:4846,0
DA:4847,0
DA:4848,0
DA:4849,0
DA:4850,0
DA:4851,0
DA:4852,0
DA:4856,0
DA:4865,0
DA:4866,0
DA:4867,0
DA:4868,0
DA:4869,0
DA:4870,0
DA:4871,0
DA:4872,0
DA:4873,0
DA:4875,0
DA:4876,0
DA:4877,0
DA:4878,0
DA:4879,0
DA:4880,0
DA:4881,0
DA:4882,0
DA:4883,0
DA:4884,0
DA:4885,0
DA:4886,0
DA:4887,0
DA:4888,0
DA:4889,0
DA:4890,0
DA:4891,0
DA:4892,0
DA:4893,0
DA:4894,0
DA:4898,0
DA:4900,0
DA:4901,0
DA:4902,0
DA:4903,0
DA:4904,0
DA:4905,0
DA:4906,0
DA:4907,0
DA:4908,0
DA:4909,0
DA:4910,0
DA:4913,0
DA:4914,0
DA:4915,0
DA:4916,0
DA:4917,0
DA:4918,0
DA:4919,0
DA:4920,0
DA:4921,0
DA:4922,0
DA:4924,0
DA:4927,0
DA:4928,0
DA:4929,0
DA:4930,0
DA:4931,0
DA:4932,0
DA:4933,0
DA:4934,0
DA:4935,0
DA:4948,0
DA:4959,1
DA:4969,1
DA:4970,1
DA:4971,1
DA:4972,1
DA:4973,1
DA:4974,0
DA:4985,0
DA:4986,0
DA:4987,0
DA:4988,0
DA:4989,0
DA:4990,0
DA:4991,0
DA:4992,0
DA:4993,0
DA:4994,0
DA:4998,0
DA:5009,0
DA:5010,0
DA:5011,0
DA:5012,0
DA:5013,0
DA:5014,0
DA:5015,0
DA:5016,0
DA:5017,0
DA:5018,0
DA:5022,1
DA:5024,1
DA:5025,2
DA:5026,4
DA:5028,2
DA:5029,4
DA:5031,2
DA:5032,4
DA:5034,2
DA:5035,4
DA:5037,2
DA:5038,4
DA:5040,2
DA:5041,4
DA:5043,2
DA:5044,4
DA:5046,2
DA:5047,4
DA:5049,2
DA:5050,0
DA:5055,0
DA:5057,0
DA:5058,0
DA:5059,0
DA:5060,0
DA:5061,0
DA:5062,0
DA:5063,0
DA:5064,0
DA:5065,0
DA:5066,0
DA:5067,0
DA:5068,0
DA:5076,11
DA:5079,22
DA:5081,11
DA:5090,22
DA:5092,11
DA:5101,22
DA:5103,11
DA:5112,22
DA:5114,11
DA:5123,22
DA:5125,11
DA:5134,22
DA:5136,11
DA:5145,22
DA:5147,11
DA:5156,22
DA:5158,11
DA:5163,11
DA:5164,11
DA:5165,11
DA:5166,11
DA:5167,11
DA:5168,11
DA:5169,11
DA:5170,11
DA:5171,11
DA:5172,11
DA:5174,11
DA:5175,22
DA:5176,11
DA:5179,1
DA:5184,1
DA:5185,1
DA:5186,1
DA:5187,4
DA:5189,0
DA:5191,1
DA:5192,1
DA:5194,3
DA:5197,0
DA:5199,1
DA:5200,1
DA:5202,3
DA:5205,0
DA:5207,1
DA:5208,1
DA:5210,3
DA:5213,1
DA:5214,1
DA:5216,3
DA:5219,1
DA:5220,1
DA:5222,3
DA:5225,1
DA:5226,1
DA:5228,3
DA:5231,1
DA:5232,1
DA:5234,3
DA:5240,11
DA:5241,11
DA:5242,1
DA:5244,0
DA:5245,1
DA:5246,3
DA:5248,2
DA:5250,3
DA:5252,2
DA:5254,3
DA:5256,2
DA:5258,3
DA:5260,2
DA:5262,3
DA:5264,2
DA:5266,3
DA:5268,2
DA:5270,3
DA:5272,2
DA:5274,3
DA:5276,2
DA:5281,0
DA:5283,0
DA:5296,1
DA:5306,0
DA:5308,0
DA:5309,0
DA:5310,0
DA:5311,0
DA:5312,0
DA:5313,0
DA:5315,0
DA:5316,0
DA:5318,0
DA:5319,0
DA:5321,0
DA:5322,0
DA:5324,0
DA:5325,0
DA:5330,0
DA:5331,0
DA:5332,0
DA:5333,0
DA:5334,0
DA:5335,0
DA:5337,0
DA:5338,0
DA:5340,0
DA:5341,0
DA:5343,0
DA:5344,0
DA:5346,0
DA:5347,0
DA:5349,0
DA:5353,0
DA:5357,0
DA:5358,0
DA:5359,0
DA:5360,0
DA:5361,0
DA:5362,0
DA:5363,0
DA:5364,0
DA:5365,0
DA:5366,0
DA:5369,0
DA:5371,0
DA:5372,0
DA:5373,0
DA:5374,0
DA:5375,0
DA:5376,0
DA:5377,0
DA:5378,0
DA:5379,0
DA:5380,0
DA:5384,0
DA:5393,0
DA:5394,0
DA:5395,0
DA:5396,0
DA:5397,0
DA:5398,0
DA:5399,0
DA:5400,0
DA:5401,0
DA:5403,0
DA:5404,0
DA:5405,0
DA:5406,0
DA:5407,0
DA:5408,0
DA:5409,0
DA:5410,0
DA:5411,0
DA:5412,0
DA:5413,0
DA:5414,0
DA:5415,0
DA:5416,0
DA:5420,0
DA:5422,0
DA:5423,0
DA:5424,0
DA:5425,0
DA:5426,0
DA:5427,0
DA:5428,0
DA:5429,0
DA:5430,0
DA:5431,0
DA:5432,0
DA:5435,0
DA:5436,0
DA:5437,0
DA:5438,0
DA:5439,0
DA:5440,0
DA:5441,0
DA:5442,0
DA:5443,0
DA:5444,0
DA:5446,0
DA:5449,0
DA:5450,0
DA:5451,0
DA:5452,0
DA:5453,0
DA:5454,0
DA:5455,0
DA:5456,0
DA:5457,0
DA:5470,0
DA:5481,1
DA:5491,1
DA:5492,1
DA:5493,1
DA:5494,0
DA:5505,0
DA:5506,0
DA:5507,0
DA:5508,0
DA:5509,0
DA:5510,0
DA:5511,0
DA:5512,0
DA:5513,0
DA:5514,0
DA:5518,0
DA:5529,0
DA:5530,0
DA:5531,0
DA:5532,0
DA:5533,0
DA:5534,0
DA:5535,0
DA:5536,0
DA:5537,0
DA:5538,0
DA:5542,1
DA:5544,1
DA:5545,2
DA:5546,4
DA:5548,2
DA:5549,4
DA:5551,2
DA:5552,4
DA:5554,2
DA:5555,4
DA:5557,2
DA:5558,4
DA:5560,2
DA:5561,4
DA:5563,2
DA:5564,4
DA:5566,2
DA:5567,4
DA:5569,2
DA:5570,0
DA:5575,0
DA:5577,0
DA:5578,0
DA:5579,0
DA:5580,0
DA:5581,0
DA:5582,0
DA:5583,0
DA:5584,0
DA:5585,0
DA:5586,0
DA:5587,0
DA:5588,0
DA:5597,11
DA:5600,22
DA:5602,11
DA:5611,22
DA:5613,11
DA:5622,11
DA:5623,11
DA:5625,11
DA:5634,22
DA:5636,11
DA:5645,22
DA:5647,11
DA:5652,11
DA:5653,11
DA:5654,11
DA:5655,11
DA:5656,11
DA:5657,11
DA:5658,11
DA:5660,11
DA:5661,22
DA:5662,11
DA:5665,2
DA:5670,2
DA:5671,2
DA:5672,2
DA:5673,8
DA:5675,0
DA:5677,2
DA:5678,2
DA:5680,4
DA:5681,2
DA:5686,0
DA:5688,2
DA:5689,2
DA:5691,4
DA:5692,2
DA:5697,0
DA:5699,2
DA:5700,2
DA:5702,6
DA:5705,2
DA:5706,2
DA:5708,6
DA:5711,0
DA:5716,11
DA:5717,11
DA:5718,2
DA:5720,0
DA:5721,2
DA:5722,6
DA:5724,4
DA:5726,6
DA:5728,4
DA:5730,6
DA:5732,4
DA:5734,6
DA:5736,4
DA:5738,6
DA:5740,4
DA:5745,0
DA:5747,0
DA:5757,2
DA:5764,0
DA:5766,0
DA:5767,0
DA:5768,0
DA:5769,0
DA:5770,0
DA:5771,0
DA:5773,0
DA:5777,0
DA:5778,0
DA:5779,0
DA:5780,0
DA:5781,0
DA:5782,0
DA:5784,0
DA:5785,0
DA:5789,0
DA:5793,0
DA:5794,0
DA:5795,0
DA:5796,0
DA:5797,0
DA:5798,0
DA:5799,0
DA:5802,0
DA:5804,0
DA:5805,0
DA:5806,0
DA:5807,0
DA:5808,0
DA:5809,0
DA:5810,0
DA:5814,0
DA:5820,0
DA:5821,0
DA:5822,0
DA:5823,0
DA:5824,0
DA:5825,0
DA:5827,0
DA:5828,0
DA:5829,0
DA:5830,0
DA:5831,0
DA:5832,0
DA:5833,0
DA:5834,0
DA:5835,0
DA:5836,0
DA:5837,0
DA:5838,0
DA:5839,0
DA:5843,0
DA:5845,0
DA:5846,0
DA:5847,0
DA:5848,0
DA:5849,0
DA:5850,0
DA:5851,0
DA:5852,0
DA:5855,0
DA:5857,0
DA:5858,0
DA:5861,0
DA:5862,0
DA:5863,0
DA:5864,0
DA:5865,0
DA:5866,0
DA:5876,0
DA:5884,2
DA:5891,2
DA:5892,2
DA:5893,2
DA:5894,2
DA:5895,0
DA:5903,0
DA:5904,0
DA:5905,0
DA:5906,0
DA:5907,0
DA:5908,0
DA:5909,0
DA:5913,0
DA:5921,0
DA:5922,0
DA:5923,0
DA:5924,0
DA:5925,0
DA:5926,0
DA:5927,0
DA:5931,2
DA:5933,2
DA:5934,4
DA:5935,8
DA:5937,4
DA:5938,8
DA:5940,4
DA:5941,8
DA:5943,4
DA:5944,8
DA:5946,4
DA:5947,8
DA:5949,4
DA:5950,0
DA:5955,0
DA:5957,0
DA:5958,0
DA:5959,0
DA:5960,0
DA:5961,0
DA:5962,0
DA:5963,0
DA:5964,0
DA:5965,0
DA:5973,11
DA:5976,22
DA:5978,11
DA:5987,22
DA:5989,11
DA:5996,22
DA:5998,11
DA:6005,22
DA:6007,11
DA:6016,22
DA:6018,11
DA:6027,22
DA:6029,11
DA:6039,22
DA:6041,11
DA:6051,11
DA:6052,11
DA:6054,11
DA:6063,22
DA:6065,11
DA:6072,22
DA:6074,11
DA:6080,11
DA:6081,11
DA:6082,11
DA:6083,11
DA:6084,11
DA:6085,11
DA:6086,11
DA:6087,11
DA:6088,11
DA:6089,11
DA:6090,11
DA:6091,11
DA:6093,11
DA:6094,22
DA:6095,11
DA:6098,4
DA:6103,4
DA:6104,4
DA:6105,4
DA:6106,16
DA:6108,0
DA:6110,4
DA:6111,4
DA:6113,12
DA:6116,0
DA:6118,4
DA:6119,16
DA:6121,0
DA:6123,4
DA:6124,4
DA:6126,12
DA:6129,0
DA:6131,4
DA:6132,4
DA:6134,8
DA:6135,4
DA:6140,0
DA:6142,4
DA:6143,0
DA:6145,0
DA:6148,4
DA:6149,4
DA:6151,12
DA:6154,4
DA:6155,4
DA:6157,8
DA:6158,4
DA:6163,4
DA:6164,4
DA:6166,12
DA:6169,4
DA:6170,4
DA:6172,12
DA:6178,11
DA:6179,11
DA:6180,4
DA:6182,0
DA:6183,4
DA:6184,12
DA:6186,8
DA:6188,12
DA:6190,8
DA:6192,12
DA:6194,8
DA:6196,12
DA:6198,8
DA:6200,12
DA:6202,8
DA:6204,12
DA:6206,8
DA:6208,12
DA:6210,8
DA:6212,12
DA:6214,8
DA:6216,12
DA:6218,8
DA:6220,12
DA:6222,8
DA:6227,0
DA:6229,0
DA:6244,5
DA:6256,0
DA:6258,0
DA:6259,0
DA:6260,0
DA:6261,0
DA:6262,0
DA:6263,0
DA:6264,0
DA:6265,0
DA:6266,0
DA:6267,0
DA:6269,0
DA:6270,0
DA:6272,0
DA:6276,0
DA:6277,0
DA:6278,0
DA:6279,0
DA:6280,0
DA:6281,0
DA:6282,0
DA:6283,0
DA:6284,0
DA:6285,0
DA:6287,0
DA:6288,0
DA:6290,0
DA:6291,0
DA:6295,0
DA:6299,0
DA:6300,0
DA:6301,0
DA:6302,0
DA:6303,0
DA:6304,0
DA:6305,0
DA:6306,0
DA:6307,0
DA:6308,0
DA:6309,0
DA:6310,0
DA:6313,0
DA:6315,0
DA:6316,0
DA:6317,0
DA:6318,0
DA:6319,0
DA:6320,0
DA:6321,0
DA:6322,0
DA:6323,0
DA:6324,0
DA:6325,0
DA:6326,0
DA:6330,0
DA:6341,0
DA:6342,0
DA:6343,0
DA:6344,0
DA:6345,0
DA:6346,0
DA:6347,0
DA:6348,0
DA:6349,0
DA:6350,0
DA:6351,0
DA:6352,0
DA:6353,0
DA:6355,0
DA:6356,0
DA:6357,0
DA:6358,0
DA:6359,0
DA:6360,0
DA:6361,0
DA:6362,0
DA:6363,0
DA:6364,0
DA:6365,0
DA:6366,0
DA:6367,0
DA:6368,0
DA:6369,0
DA:6370,0
DA:6371,0
DA:6372,0
DA:6376,0
DA:6378,0
DA:6379,0
DA:6380,0
DA:6381,0
DA:6382,0
DA:6383,0
DA:6384,0
DA:6385,0
DA:6386,0
DA:6387,0
DA:6388,0
DA:6389,0
DA:6390,0
DA:6393,0
DA:6394,0
DA:6395,0
DA:6396,0
DA:6397,0
DA:6398,0
DA:6399,0
DA:6400,0
DA:6401,0
DA:6402,0
DA:6403,0
DA:6404,0
DA:6406,0
DA:6409,0
DA:6410,0
DA:6411,0
DA:6412,0
DA:6413,0
DA:6414,0
DA:6415,0
DA:6416,0
DA:6417,0
DA:6418,0
DA:6419,0
DA:6434,65
DA:6447,4
DA:6459,4
DA:6460,4
DA:6461,4
DA:6462,4
DA:6463,4
DA:6464,0
DA:6477,0
DA:6478,0
DA:6479,0
DA:6480,0
DA:6481,0
DA:6482,0
DA:6483,0
DA:6484,0
DA:6485,0
DA:6486,0
DA:6487,0
DA:6488,0
DA:6492,0
DA:6505,0
DA:6506,0
DA:6507,0
DA:6508,0
DA:6509,0
DA:6510,0
DA:6511,0
DA:6512,0
DA:6513,0
DA:6514,0
DA:6515,0
DA:6516,0
DA:6520,4
DA:6522,4
DA:6523,8
DA:6524,16
DA:6526,8
DA:6527,16
DA:6529,8
DA:6530,16
DA:6532,8
DA:6533,16
DA:6535,8
DA:6536,16
DA:6538,8
DA:6539,0
DA:6541,8
DA:6542,16
DA:6544,8
DA:6545,16
DA:6547,8
DA:6548,16
DA:6550,8
DA:6551,16
DA:6553,8
DA:6554,0
DA:6559,0
DA:6561,0
DA:6562,0
DA:6563,0
DA:6564,0
DA:6565,0
DA:6566,0
DA:6567,0
DA:6568,0
DA:6569,0
DA:6570,0
DA:6571,0
DA:6572,0
DA:6573,0
DA:6574,0
DA:6583,11
DA:6588,22
DA:6590,11
DA:6599,22
DA:6601,11
DA:6606,11
DA:6607,33
DA:6608,11
DA:6609,22
DA:6610,11
DA:6613,2
DA:6618,2
DA:6619,2
DA:6620,2
DA:6621,2
DA:6623,6
DA:6626,0
DA:6628,2
DA:6629,2
DA:6631,4
DA:6632,2
DA:6637,0
DA:6642,11
DA:6643,11
DA:6644,1
DA:6646,0
DA:6647,1
DA:6648,3
DA:6650,2
DA:6652,3
DA:6654,2
DA:6659,2
DA:6661,4
DA:6668,1
DA:6669,0
DA:6671,0
DA:6672,0
DA:6673,0
DA:6677,0
DA:6678,0
DA:6679,0
DA:6680,0
DA:6684,0
DA:6688,0
DA:6689,0
DA:6690,0
DA:6691,0
DA:6694,0
DA:6696,0
DA:6697,0
DA:6698,0
DA:6699,0
DA:6703,0
DA:6704,0
DA:6705,0
DA:6706,0
DA:6708,0
DA:6709,0
DA:6710,0
DA:6711,0
DA:6712,0
DA:6713,0
DA:6717,0
DA:6719,0
DA:6720,0
DA:6721,0
DA:6722,0
DA:6723,0
DA:6726,0
DA:6727,0
DA:6728,0
DA:6731,0
DA:6732,0
DA:6733,0
DA:6740,0
DA:6745,2
DA:6749,2
DA:6750,2
DA:6751,0
DA:6756,0
DA:6757,0
DA:6758,0
DA:6759,0
DA:6763,0
DA:6768,0
DA:6769,0
DA:6770,0
DA:6771,0
DA:6775,2
DA:6777,2
DA:6778,4
DA:6779,8
DA:6781,4
DA:6782,8
DA:6784,4
DA:6785,0
DA:6790,0
DA:6792,0
DA:6793,0
DA:6794,0
DA:6795,0
DA:6796,0
DA:6797,0
DA:6806,11
DA:6809,22
DA:6811,11
DA:6820,22
DA:6822,11
DA:6831,22
DA:6833,11
DA:6842,22
DA:6844,11
DA:6853,22
DA:6855,11
DA:6861,11
DA:6862,11
DA:6863,11
DA:6864,11
DA:6865,11
DA:6866,11
DA:6867,11
DA:6869,11
DA:6870,22
DA:6871,11
DA:6874,3
DA:6879,3
DA:6880,3
DA:6881,3
DA:6882,12
DA:6884,0
DA:6886,3
DA:6887,3
DA:6889,9
DA:6892,0
DA:6894,3
DA:6895,3
DA:6897,6
DA:6898,3
DA:6903,0
DA:6905,3
DA:6906,3
DA:6908,9
DA:6911,0
DA:6913,3
DA:6914,3
DA:6916,9
DA:6922,11
DA:6923,11
DA:6924,3
DA:6926,0
DA:6927,3
DA:6928,9
DA:6930,6
DA:6932,9
DA:6934,6
DA:6936,9
DA:6938,6
DA:6940,9
DA:6942,6
DA:6944,9
DA:6946,6
DA:6951,0
DA:6953,0
DA:6964,4
DA:6971,0
DA:6973,0
DA:6974,0
DA:6975,0
DA:6976,0
DA:6977,0
DA:6978,0
DA:6982,0
DA:6983,0
DA:6984,0
DA:6985,0
DA:6986,0
DA:6987,0
DA:6988,0
DA:6992,0
DA:6996,0
DA:6997,0
DA:6998,0
DA:6999,0
DA:7000,0
DA:7001,0
DA:7002,0
DA:7005,0
DA:7007,0
DA:7008,0
DA:7009,0
DA:7010,0
DA:7011,0
DA:7012,0
DA:7013,0
DA:7017,0
DA:7023,0
DA:7024,0
DA:7025,0
DA:7026,0
DA:7027,0
DA:7028,0
DA:7030,0
DA:7031,0
DA:7032,0
DA:7033,0
DA:7034,0
DA:7035,0
DA:7036,0
DA:7037,0
DA:7038,0
DA:7039,0
DA:7040,0
DA:7044,0
DA:7046,0
DA:7047,0
DA:7048,0
DA:7049,0
DA:7050,0
DA:7051,0
DA:7052,0
DA:7053,0
DA:7056,0
DA:7058,0
DA:7059,0
DA:7062,0
DA:7063,0
DA:7064,0
DA:7065,0
DA:7066,0
DA:7067,0
DA:7077,0
DA:7085,3
DA:7092,3
DA:7093,3
DA:7094,3
DA:7095,3
DA:7096,0
DA:7104,0
DA:7105,0
DA:7106,0
DA:7107,0
DA:7108,0
DA:7109,0
DA:7110,0
DA:7114,0
DA:7122,0
DA:7123,0
DA:7124,0
DA:7125,0
DA:7126,0
DA:7127,0
DA:7128,0
DA:7132,3
DA:7134,3
DA:7135,6
DA:7136,12
DA:7138,6
DA:7139,12
DA:7141,6
DA:7142,12
DA:7144,6
DA:7145,12
DA:7147,6
DA:7148,12
DA:7150,6
DA:7151,0
DA:7156,0
DA:7158,0
DA:7159,0
DA:7160,0
DA:7161,0
DA:7162,0
DA:7163,0
DA:7164,0
DA:7165,0
DA:7166,0
DA:7175,11
DA:7178,22
DA:7180,11
DA:7188,11
DA:7189,11
DA:7191,11
DA:7200,22
DA:7202,11
DA:7211,22
DA:7213,11
DA:7222,22
DA:7224,11
DA:7233,11
DA:7234,11
DA:7236,11
DA:7245,11
DA:7246,11
DA:7248,11
DA:7254,11
DA:7255,11
DA:7256,11
DA:7257,11
DA:7258,11
DA:7259,11
DA:7260,11
DA:7261,11
DA:7262,11
DA:7264,11
DA:7265,22
DA:7266,11
DA:7269,0
DA:7274,0
DA:7275,0
DA:7276,0
DA:7277,0
DA:7279,0
DA:7281,0
DA:7282,0
DA:7284,0
DA:7285,0
DA:7290,0
DA:7292,0
DA:7293,0
DA:7295,0
DA:7298,0
DA:7300,0
DA:7301,0
DA:7303,0
DA:7306,0
DA:7307,0
DA:7309,0
DA:7310,0
DA:7315,0
DA:7316,0
DA:7318,0
DA:7319,0
DA:7324,0
DA:7325,0
DA:7327,0
DA:7328,0
DA:7336,11
DA:7337,11
DA:7338,0
DA:7340,0
DA:7341,0
DA:7342,0
DA:7344,0
DA:7346,0
DA:7348,0
DA:7350,0
DA:7352,0
DA:7354,0
DA:7356,0
DA:7358,0
DA:7360,0
DA:7362,0
DA:7364,0
DA:7366,0
DA:7368,0
DA:7373,0
DA:7375,0
DA:7387,0
DA:7396,0
DA:7398,0
DA:7399,0
DA:7400,0
DA:7401,0
DA:7402,0
DA:7403,0
DA:7405,0
DA:7406,0
DA:7407,0
DA:7411,0
DA:7412,0
DA:7413,0
DA:7414,0
DA:7415,0
DA:7416,0
DA:7418,0
DA:7419,0
DA:7420,0
DA:7421,0
DA:7425,0
DA:7429,0
DA:7430,0
DA:7431,0
DA:7432,0
DA:7433,0
DA:7435,0
DA:7436,0
DA:7437,0
DA:7438,0
DA:7439,0
DA:7441,0
DA:7442,0
DA:7446,0
DA:7448,0
DA:7449,0
DA:7450,0
DA:7451,0
DA:7452,0
DA:7453,0
DA:7454,0
DA:7455,0
DA:7456,0
DA:7458,0
DA:7462,0
DA:7470,0
DA:7471,0
DA:7472,0
DA:7473,0
DA:7474,0
DA:7475,0
DA:7477,0
DA:7478,0
DA:7480,0
DA:7481,0
DA:7482,0
DA:7483,0
DA:7484,0
DA:7485,0
DA:7486,0
DA:7487,0
DA:7488,0
DA:7489,0
DA:7490,0
DA:7491,0
DA:7492,0
DA:7493,0
DA:7494,0
DA:7495,0
DA:7496,0
DA:7500,0
DA:7502,0
DA:7503,0
DA:7504,0
DA:7505,0
DA:7506,0
DA:7507,0
DA:7508,0
DA:7509,0
DA:7510,0
DA:7511,0
DA:7514,0
DA:7515,0
DA:7516,0
DA:7517,0
DA:7518,0
DA:7519,0
DA:7520,0
DA:7521,0
DA:7522,0
DA:7524,0
DA:7527,0
DA:7528,0
DA:7529,0
DA:7530,0
DA:7531,0
DA:7532,0
DA:7533,0
DA:7534,0
DA:7546,0
DA:7556,0
DA:7565,0
DA:7566,0
DA:7567,0
DA:7568,0
DA:7578,0
DA:7579,0
DA:7581,0
DA:7582,0
DA:7583,0
DA:7584,0
DA:7586,0
DA:7588,0
DA:7589,0
DA:7593,0
DA:7603,0
DA:7604,0
DA:7605,0
DA:7606,0
DA:7607,0
DA:7608,0
DA:7610,0
DA:7611,0
DA:7612,0
DA:7616,0
DA:7618,0
DA:7619,0
DA:7620,0
DA:7622,0
DA:7623,0
DA:7624,0
DA:7627,0
DA:7628,0
DA:7630,0
DA:7631,0
DA:7633,0
DA:7634,0
DA:7636,0
DA:7637,0
DA:7638,0
DA:7641,0
DA:7642,0
DA:7643,0
DA:7646,0
DA:7647,0
DA:7652,0
DA:7654,0
DA:7655,0
DA:7656,0
DA:7657,0
DA:7658,0
DA:7659,0
DA:7660,0
DA:7661,0
DA:7662,0
DA:7663,0
DA:7664,0
DA:7673,11
DA:7676,22
DA:7678,11
DA:7685,22
DA:7687,11
DA:7696,22
DA:7698,11
DA:7705,22
DA:7707,11
DA:7711,11
DA:7720,22
DA:7722,11
DA:7732,22
DA:7734,11
DA:7739,11
DA:7740,11
DA:7741,11
DA:7742,11
DA:7743,11
DA:7744,11
DA:7745,11
DA:7746,11
DA:7748,11
DA:7749,22
DA:7750,11
DA:7753,0
DA:7758,0
DA:7759,0
DA:7760,0
DA:7761,0
DA:7763,0
DA:7765,0
DA:7766,0
DA:7768,0
DA:7771,0
DA:7773,0
DA:7774,0
DA:7776,0
DA:7779,0
DA:7781,0
DA:7782,0
DA:7784,0
DA:7787,0
DA:7788,0
DA:7790,0
DA:7793,0
DA:7794,0
DA:7796,0
DA:7802,11
DA:7803,11
DA:7804,0
DA:7806,0
DA:7807,0
DA:7808,0
DA:7810,0
DA:7812,0
DA:7814,0
DA:7816,0
DA:7818,0
DA:7820,0
DA:7822,0
DA:7824,0
DA:7826,0
DA:7828,0
DA:7830,0
DA:7835,0
DA:7837,0
DA:7849,0
DA:7857,0
DA:7859,0
DA:7860,0
DA:7861,0
DA:7862,0
DA:7863,0
DA:7864,0
DA:7865,0
DA:7866,0
DA:7871,0
DA:7872,0
DA:7873,0
DA:7874,0
DA:7875,0
DA:7876,0
DA:7877,0
DA:7878,0
DA:7880,0
DA:7884,0
DA:7888,0
DA:7889,0
DA:7890,0
DA:7891,0
DA:7892,0
DA:7893,0
DA:7894,0
DA:7895,0
DA:7898,0
DA:7900,0
DA:7901,0
DA:7902,0
DA:7903,0
DA:7904,0
DA:7905,0
DA:7906,0
DA:7907,0
DA:7911,0
DA:7918,0
DA:7919,0
DA:7920,0
DA:7921,0
DA:7922,0
DA:7923,0
DA:7924,0
DA:7926,0
DA:7927,0
DA:7928,0
DA:7929,0
DA:7930,0
DA:7931,0
DA:7932,0
DA:7933,0
DA:7937,0
DA:7939,0
DA:7940,0
DA:7941,0
DA:7942,0
DA:7943,0
DA:7944,0
DA:7945,0
DA:7946,0
DA:7947,0
DA:7950,0
DA:7952,0
DA:7953,0
DA:7956,0
DA:7957,0
DA:7958,0
DA:7959,0
DA:7960,0
DA:7961,0
DA:7962,0
DA:7973,0
DA:7982,0
DA:7990,0
DA:7991,0
DA:7992,0
DA:7993,0
DA:8002,0
DA:8003,0
DA:8004,0
DA:8005,0
DA:8006,0
DA:8007,0
DA:8008,0
DA:8009,0
DA:8013,0
DA:8022,0
DA:8023,0
DA:8024,0
DA:8025,0
DA:8026,0
DA:8027,0
DA:8028,0
DA:8029,0
DA:8033,0
DA:8035,0
DA:8036,0
DA:8037,0
DA:8039,0
DA:8040,0
DA:8042,0
DA:8043,0
DA:8045,0
DA:8046,0
DA:8048,0
DA:8049,0
DA:8051,0
DA:8052,0
DA:8054,0
DA:8055,0
DA:8060,0
DA:8062,0
DA:8063,0
DA:8064,0
DA:8065,0
DA:8066,0
DA:8067,0
DA:8068,0
DA:8069,0
DA:8070,0
DA:8071,0
DA:8076,24
DA:8077,0
DA:8078,22
DA:8079,22
DA:8080,22
DA:8081,11
DA:8082,11
DA:8083,22
DA:8084,22
DA:8085,22
DA:8086,22
DA:8087,22
DA:8090,22
DA:8091,22
DA:8092,22
DA:8093,22
DA:8096,11
DA:8097,11
DA:8098,0
DA:8100,0
DA:8101,11
DA:8102,11
DA:8103,11
DA:8104,11
DA:8105,11
DA:8106,11
DA:8107,11
DA:8108,11
DA:8109,11
DA:8110,11
DA:8111,11
DA:8112,11
DA:8113,11
DA:8114,11
DA:8115,11
DA:8116,11
DA:8118,11
DA:8153,0
DA:8160,0
DA:8161,0
DA:8162,0
DA:8165,0
DA:8166,0
DA:8167,0
DA:8170,0
DA:8171,0
DA:8172,0
DA:8175,0
DA:8176,0
DA:8177,0
DA:8180,0
DA:8181,0
DA:8182,0
DA:8185,0
DA:8186,0
DA:8187,0
DA:8190,0
DA:8191,0
DA:8192,0
DA:8195,0
DA:8196,0
DA:8197,0
DA:8200,0
DA:8201,0
DA:8202,0
DA:8205,0
DA:8206,0
DA:8207,0
DA:8213,0
DA:8220,0
DA:8221,0
DA:8222,0
DA:8225,0
DA:8226,0
DA:8227,0
DA:8230,0
DA:8231,0
DA:8232,0
DA:8235,0
DA:8236,0
DA:8237,0
DA:8240,0
DA:8241,0
DA:8242,0
DA:8245,0
DA:8246,0
DA:8247,0
DA:8250,0
DA:8251,0
DA:8252,0
DA:8255,0
DA:8256,0
DA:8257,0
DA:8260,0
DA:8261,0
DA:8262,0
DA:8265,0
DA:8266,0
DA:8267,0
DA:8273,0
DA:8280,0
DA:8281,0
DA:8283,0
DA:8284,0
DA:8286,0
DA:8287,0
DA:8288,0
DA:8291,0
DA:8292,0
DA:8294,0
DA:8295,0
DA:8297,0
DA:8298,0
DA:8300,0
DA:8301,0
DA:8302,0
DA:8305,0
DA:8306,0
DA:8308,0
DA:8309,0
DA:8311,0
DA:8312,0
DA:8330,0
DA:8331,0
DA:8332,0
DA:8335,0
DA:8336,0
DA:8337,0
DA:8338,0
DA:8339,0
DA:8340,0
DA:8342,0
DA:8354,0
DA:8368,0
DA:8380,0
DA:8393,0
DA:8394,0
DA:8395,0
DA:8444,0
DA:8451,0
DA:8452,0
DA:8453,0
DA:8456,0
DA:8457,0
DA:8458,0
DA:8461,0
DA:8462,0
DA:8463,0
DA:8466,0
DA:8467,0
DA:8468,0
DA:8471,0
DA:8472,0
DA:8473,0
DA:8476,0
DA:8477,0
DA:8478,0
DA:8481,0
DA:8482,0
DA:8483,0
DA:8486,0
DA:8487,0
DA:8488,0
DA:8491,0
DA:8492,0
DA:8493,0
DA:8499,0
DA:8506,0
DA:8507,0
DA:8508,0
DA:8511,0
DA:8512,0
DA:8513,0
DA:8516,0
DA:8517,0
DA:8518,0
DA:8521,0
DA:8522,0
DA:8523,0
DA:8526,0
DA:8527,0
DA:8528,0
DA:8531,0
DA:8532,0
DA:8533,0
DA:8536,0
DA:8537,0
DA:8538,0
DA:8541,0
DA:8542,0
DA:8543,0
DA:8546,0
DA:8547,0
DA:8548,0
DA:8554,0
DA:8561,0
DA:8562,0
DA:8564,0
DA:8565,0
DA:8567,0
DA:8568,0
DA:8570,0
DA:8571,0
DA:8573,0
DA:8574,0
DA:8576,0
DA:8577,0
DA:8578,0
DA:8581,0
DA:8582,0
DA:8584,0
DA:8585,0
DA:8587,0
DA:8588,0
DA:8606,0
DA:8607,0
DA:8608,0
DA:8611,0
DA:8612,0
DA:8613,0
DA:8614,0
DA:8615,0
DA:8616,0
DA:8618,0
DA:8629,0
DA:8642,0
DA:8653,0
DA:8665,0
DA:8666,0
DA:8667,0
DA:8760,0
DA:8767,0
DA:8768,0
DA:8769,0
DA:8772,0
DA:8773,0
DA:8774,0
DA:8777,0
DA:8778,0
DA:8779,0
DA:8782,0
DA:8783,0
DA:8784,0
DA:8787,0
DA:8788,0
DA:8789,0
DA:8792,0
DA:8793,0
DA:8794,0
DA:8797,0
DA:8798,0
DA:8799,0
DA:8802,0
DA:8803,0
DA:8804,0
DA:8807,0
DA:8808,0
DA:8809,0
DA:8812,0
DA:8813,0
DA:8814,0
DA:8817,0
DA:8818,0
DA:8819,0
DA:8822,0
DA:8823,0
DA:8824,0
DA:8827,0
DA:8828,0
DA:8829,0
DA:8832,0
DA:8833,0
DA:8834,0
DA:8837,0
DA:8838,0
DA:8839,0
DA:8842,0
DA:8843,0
DA:8844,0
DA:8847,0
DA:8848,0
DA:8849,0
DA:8852,0
DA:8853,0
DA:8854,0
DA:8857,0
DA:8858,0
DA:8859,0
DA:8862,0
DA:8863,0
DA:8864,0
DA:8867,0
DA:8868,0
DA:8869,0
DA:8872,0
DA:8873,0
DA:8874,0
DA:8877,0
DA:8878,0
DA:8879,0
DA:8882,0
DA:8883,0
DA:8884,0
DA:8887,0
DA:8888,0
DA:8889,0
DA:8892,0
DA:8893,0
DA:8894,0
DA:8897,0
DA:8898,0
DA:8899,0
DA:8902,0
DA:8903,0
DA:8904,0
DA:8907,0
DA:8908,0
DA:8909,0
DA:8912,0
DA:8913,0
DA:8914,0
DA:8917,0
DA:8918,0
DA:8919,0
DA:8925,0
DA:8932,0
DA:8933,0
DA:8934,0
DA:8937,0
DA:8938,0
DA:8939,0
DA:8942,0
DA:8943,0
DA:8944,0
DA:8947,0
DA:8948,0
DA:8949,0
DA:8952,0
DA:8953,0
DA:8954,0
DA:8957,0
DA:8958,0
DA:8959,0
DA:8962,0
DA:8963,0
DA:8964,0
DA:8967,0
DA:8968,0
DA:8969,0
DA:8972,0
DA:8973,0
DA:8974,0
DA:8977,0
DA:8978,0
DA:8979,0
DA:8982,0
DA:8983,0
DA:8984,0
DA:8987,0
DA:8988,0
DA:8989,0
DA:8992,0
DA:8993,0
DA:8994,0
DA:8997,0
DA:8998,0
DA:8999,0
DA:9002,0
DA:9003,0
DA:9004,0
DA:9007,0
DA:9008,0
DA:9009,0
DA:9012,0
DA:9013,0
DA:9014,0
DA:9017,0
DA:9018,0
DA:9019,0
DA:9022,0
DA:9023,0
DA:9024,0
DA:9027,0
DA:9028,0
DA:9029,0
DA:9032,0
DA:9033,0
DA:9034,0
DA:9037,0
DA:9038,0
DA:9039,0
DA:9042,0
DA:9043,0
DA:9044,0
DA:9047,0
DA:9048,0
DA:9049,0
DA:9052,0
DA:9053,0
DA:9054,0
DA:9057,0
DA:9058,0
DA:9059,0
DA:9062,0
DA:9063,0
DA:9064,0
DA:9067,0
DA:9068,0
DA:9069,0
DA:9072,0
DA:9073,0
DA:9074,0
DA:9077,0
DA:9078,0
DA:9079,0
DA:9082,0
DA:9083,0
DA:9084,0
DA:9090,0
DA:9097,0
DA:9098,0
DA:9100,0
DA:9101,0
DA:9103,0
DA:9104,0
DA:9105,0
DA:9108,0
DA:9109,0
DA:9110,0
DA:9113,0
DA:9114,0
DA:9116,0
DA:9117,0
DA:9119,0
DA:9120,0
DA:9121,0
DA:9124,0
DA:9125,0
DA:9127,0
DA:9128,0
DA:9129,0
DA:9132,0
DA:9133,0
DA:9134,0
DA:9137,0
DA:9138,0
DA:9140,0
DA:9141,0
DA:9143,0
DA:9144,0
DA:9145,0
DA:9148,0
DA:9149,0
DA:9150,0
DA:9153,0
DA:9154,0
DA:9155,0
DA:9158,0
DA:9159,0
DA:9161,0
DA:9162,0
DA:9164,0
DA:9165,0
DA:9167,0
DA:9168,0
DA:9170,0
DA:9171,0
DA:9173,0
DA:9174,0
DA:9176,0
DA:9177,0
DA:9178,0
DA:9181,0
DA:9182,0
DA:9183,0
DA:9186,0
DA:9187,0
DA:9188,0
DA:9191,0
DA:9192,0
DA:9194,0
DA:9195,0
DA:9196,0
DA:9199,0
DA:9200,0
DA:9202,0
DA:9203,0
DA:9204,0
DA:9207,0
DA:9208,0
DA:9210,0
DA:9211,0
DA:9212,0
DA:9215,0
DA:9216,0
DA:9217,0
DA:9236,0
DA:9237,0
DA:9238,0
DA:9241,0
DA:9242,0
DA:9243,0
DA:9244,0
DA:9245,0
DA:9246,0
DA:9248,0
DA:9281,0
DA:9316,0
DA:9349,0
DA:9383,0
DA:9384,0
DA:9385,0
DA:9432,0
DA:9439,0
DA:9440,0
DA:9441,0
DA:9444,0
DA:9445,0
DA:9446,0
DA:9449,0
DA:9450,0
DA:9451,0
DA:9454,0
DA:9455,0
DA:9456,0
DA:9459,0
DA:9460,0
DA:9461,0
DA:9464,0
DA:9465,0
DA:9466,0
DA:9469,0
DA:9470,0
DA:9471,0
DA:9474,0
DA:9475,0
DA:9476,0
DA:9482,0
DA:9489,0
DA:9490,0
DA:9491,0
DA:9494,0
DA:9495,0
DA:9496,0
DA:9499,0
DA:9500,0
DA:9501,0
DA:9504,0
DA:9505,0
DA:9506,0
DA:9509,0
DA:9510,0
DA:9511,0
DA:9514,0
DA:9515,0
DA:9516,0
DA:9519,0
DA:9520,0
DA:9521,0
DA:9524,0
DA:9525,0
DA:9526,0
DA:9532,0
DA:9539,0
DA:9540,0
DA:9542,0
DA:9543,0
DA:9545,0
DA:9546,0
DA:9547,0
DA:9550,0
DA:9551,0
DA:9553,0
DA:9554,0
DA:9556,0
DA:9557,0
DA:9559,0
DA:9560,0
DA:9562,0
DA:9563,0
DA:9564,0
DA:9590,0
DA:9593,0
DA:9594,0
DA:9597,0
DA:9598,0
DA:9599,0
DA:9600,0
DA:9601,0
DA:9602,0
DA:9607,0
DA:9617,0
DA:9629,0
DA:9639,0
DA:9650,0
DA:9651,0
DA:9652,0
DA:9710,0
DA:9717,0
DA:9718,0
DA:9719,0
DA:9722,0
DA:9723,0
DA:9724,0
DA:9727,0
DA:9728,0
DA:9729,0
DA:9732,0
DA:9733,0
DA:9734,0
DA:9737,0
DA:9738,0
DA:9739,0
DA:9742,0
DA:9743,0
DA:9744,0
DA:9747,0
DA:9748,0
DA:9749,0
DA:9752,0
DA:9753,0
DA:9754,0
DA:9757,0
DA:9758,0
DA:9759,0
DA:9762,0
DA:9763,0
DA:9764,0
DA:9770,0
DA:9777,0
DA:9778,0
DA:9779,0
DA:9782,0
DA:9783,0
DA:9784,0
DA:9787,0
DA:9788,0
DA:9789,0
DA:9792,0
DA:9793,0
DA:9794,0
DA:9797,0
DA:9798,0
DA:9799,0
DA:9802,0
DA:9803,0
DA:9804,0
DA:9807,0
DA:9808,0
DA:9809,0
DA:9812,0
DA:9813,0
DA:9814,0
DA:9817,0
DA:9818,0
DA:9819,0
DA:9822,0
DA:9823,0
DA:9824,0
DA:9830,0
DA:9837,0
DA:9838,0
DA:9840,0
DA:9841,0
DA:9843,0
DA:9844,0
DA:9846,0
DA:9847,0
DA:9848,0
DA:9851,0
DA:9852,0
DA:9854,0
DA:9855,0
DA:9857,0
DA:9858,0
DA:9859,0
DA:9862,0
DA:9863,0
DA:9865,0
DA:9866,0
DA:9868,0
DA:9869,0
DA:9890,0
DA:9891,0
DA:9892,0
DA:9895,0
DA:9896,0
DA:9897,0
DA:9898,0
DA:9899,0
DA:9900,0
DA:9902,0
DA:9914,0
DA:9928,0
DA:9940,0
DA:9953,0
DA:9954,0
DA:9955,0
DA:10005,0
DA:10012,0
DA:10013,0
DA:10014,0
DA:10017,0
DA:10018,0
DA:10019,0
DA:10022,0
DA:10023,0
DA:10024,0
DA:10027,0
DA:10028,0
DA:10029,0
DA:10032,0
DA:10033,0
DA:10034,0
DA:10037,0
DA:10038,0
DA:10039,0
DA:10042,0
DA:10043,0
DA:10044,0
DA:10047,0
DA:10048,0
DA:10049,0
DA:10055,0
DA:10062,0
DA:10063,0
DA:10064,0
DA:10067,0
DA:10068,0
DA:10069,0
DA:10072,0
DA:10073,0
DA:10074,0
DA:10077,0
DA:10078,0
DA:10079,0
DA:10082,0
DA:10083,0
DA:10084,0
DA:10087,0
DA:10088,0
DA:10089,0
DA:10092,0
DA:10093,0
DA:10094,0
DA:10097,0
DA:10098,0
DA:10099,0
DA:10105,0
DA:10112,0
DA:10113,0
DA:10115,0
DA:10116,0
DA:10117,0
DA:10120,0
DA:10121,0
DA:10122,0
DA:10125,0
DA:10126,0
DA:10128,0
DA:10129,0
DA:10131,0
DA:10132,0
DA:10134,0
DA:10135,0
DA:10136,0
DA:10139,0
DA:10140,0
DA:10161,0
DA:10162,0
DA:10163,0
DA:10166,0
DA:10167,0
DA:10168,0
DA:10169,0
DA:10170,0
DA:10171,0
DA:10173,0
DA:10183,0
DA:10195,0
DA:10205,0
DA:10216,0
DA:10217,0
DA:10218,0
DA:10268,0
DA:10275,0
DA:10276,0
DA:10277,0
DA:10280,0
DA:10281,0
DA:10282,0
DA:10285,0
DA:10286,0
DA:10287,0
DA:10290,0
DA:10291,0
DA:10292,0
DA:10295,0
DA:10296,0
DA:10297,0
DA:10300,0
DA:10301,0
DA:10302,0
DA:10305,0
DA:10306,0
DA:10307,0
DA:10310,0
DA:10311,0
DA:10312,0
DA:10318,0
DA:10325,0
DA:10326,0
DA:10327,0
DA:10330,0
DA:10331,0
DA:10332,0
DA:10335,0
DA:10336,0
DA:10337,0
DA:10340,0
DA:10341,0
DA:10342,0
DA:10345,0
DA:10346,0
DA:10347,0
DA:10350,0
DA:10351,0
DA:10352,0
DA:10355,0
DA:10356,0
DA:10357,0
DA:10360,0
DA:10361,0
DA:10362,0
DA:10368,0
DA:10375,0
DA:10376,0
DA:10378,0
DA:10379,0
DA:10381,0
DA:10382,0
DA:10384,0
DA:10385,0
DA:10386,0
DA:10389,0
DA:10390,0
DA:10391,0
DA:10394,0
DA:10395,0
DA:10396,0
DA:10399,0
DA:10400,0
DA:10401,0
DA:10404,0
DA:10405,0
DA:10406,0
DA:10425,0
DA:10426,0
DA:10427,0
DA:10430,0
DA:10431,0
DA:10432,0
DA:10433,0
DA:10434,0
DA:10435,0
DA:10437,0
DA:10447,0
DA:10459,0
DA:10469,0
DA:10480,0
DA:10481,0
DA:10482,0
DA:10529,0
DA:10536,0
DA:10537,0
DA:10538,0
DA:10541,0
DA:10542,0
DA:10543,0
DA:10546,0
DA:10547,0
DA:10548,0
DA:10551,0
DA:10552,0
DA:10553,0
DA:10556,0
DA:10557,0
DA:10558,0
DA:10561,0
DA:10562,0
DA:10563,0
DA:10566,0
DA:10567,0
DA:10568,0
DA:10571,0
DA:10572,0
DA:10573,0
DA:10579,0
DA:10586,0
DA:10587,0
DA:10588,0
DA:10591,0
DA:10592,0
DA:10593,0
DA:10596,0
DA:10597,0
DA:10598,0
DA:10601,0
DA:10602,0
DA:10603,0
DA:10606,0
DA:10607,0
DA:10608,0
DA:10611,0
DA:10612,0
DA:10613,0
DA:10616,0
DA:10617,0
DA:10618,0
DA:10621,0
DA:10622,0
DA:10623,0
DA:10629,0
DA:10636,0
DA:10637,0
DA:10639,0
DA:10640,0
DA:10642,0
DA:10643,0
DA:10645,0
DA:10646,0
DA:10647,0
DA:10650,0
DA:10651,0
DA:10652,0
DA:10655,0
DA:10656,0
DA:10658,0
DA:10659,0
DA:10661,0
DA:10662,0
DA:10680,0
DA:10681,0
DA:10682,0
DA:10685,0
DA:10686,0
DA:10687,0
DA:10688,0
DA:10689,0
DA:10690,0
DA:10692,0
DA:10702,0
DA:10714,0
DA:10724,0
DA:10735,0
DA:10736,0
DA:10737,0
DA:10778,0
DA:10785,0
DA:10786,0
DA:10787,0
DA:10790,0
DA:10791,0
DA:10792,0
DA:10795,0
DA:10796,0
DA:10797,0
DA:10800,0
DA:10801,0
DA:10802,0
DA:10805,0
DA:10806,0
DA:10807,0
DA:10813,0
DA:10820,0
DA:10821,0
DA:10822,0
DA:10825,0
DA:10826,0
DA:10827,0
DA:10830,0
DA:10831,0
DA:10832,0
DA:10835,0
DA:10836,0
DA:10837,0
DA:10840,0
DA:10841,0
DA:10842,0
DA:10848,0
DA:10855,0
DA:10856,0
DA:10858,0
DA:10859,0
DA:10860,0
DA:10863,0
DA:10864,0
DA:10865,0
DA:10868,0
DA:10869,0
DA:10870,0
DA:10873,0
DA:10874,0
DA:10899,0
DA:10902,0
DA:10903,0
DA:10906,0
DA:10907,0
DA:10908,0
DA:10909,0
DA:10910,0
DA:10911,0
DA:10913,0
DA:10920,0
DA:10929,0
DA:10936,0
DA:10944,0
DA:10945,0
DA:10946,0
DA:11000,0
DA:11007,0
DA:11008,0
DA:11009,0
DA:11012,0
DA:11013,0
DA:11014,0
DA:11017,0
DA:11018,0
DA:11019,0
DA:11022,0
DA:11023,0
DA:11024,0
DA:11027,0
DA:11028,0
DA:11029,0
DA:11032,0
DA:11033,0
DA:11034,0
DA:11037,0
DA:11038,0
DA:11039,0
DA:11042,0
DA:11043,0
DA:11044,0
DA:11047,0
DA:11048,0
DA:11049,0
DA:11052,0
DA:11053,0
DA:11054,0
DA:11060,0
DA:11067,0
DA:11068,0
DA:11069,0
DA:11072,0
DA:11073,0
DA:11074,0
DA:11077,0
DA:11078,0
DA:11079,0
DA:11082,0
DA:11083,0
DA:11084,0
DA:11087,0
DA:11088,0
DA:11089,0
DA:11092,0
DA:11093,0
DA:11094,0
DA:11097,0
DA:11098,0
DA:11099,0
DA:11102,0
DA:11103,0
DA:11104,0
DA:11107,0
DA:11108,0
DA:11109,0
DA:11112,0
DA:11113,0
DA:11114,0
DA:11120,0
DA:11127,0
DA:11128,0
DA:11130,0
DA:11131,0
DA:11133,0
DA:11134,0
DA:11136,0
DA:11137,0
DA:11139,0
DA:11140,0
DA:11141,0
DA:11144,0
DA:11145,0
DA:11147,0
DA:11148,0
DA:11149,0
DA:11152,0
DA:11153,0
DA:11154,0
DA:11157,0
DA:11158,0
DA:11160,0
DA:11161,0
DA:11179,0
DA:11180,0
DA:11181,0
DA:11184,0
DA:11185,0
DA:11186,0
DA:11187,0
DA:11188,0
DA:11189,0
DA:11191,0
DA:11203,0
DA:11217,0
DA:11229,0
DA:11242,0
DA:11243,0
DA:11244,0
DA:11279,0
DA:11286,0
DA:11287,0
DA:11288,0
DA:11291,0
DA:11292,0
DA:11293,0
DA:11299,0
DA:11306,0
DA:11307,0
DA:11308,0
DA:11311,0
DA:11312,0
DA:11313,0
DA:11319,0
DA:11326,0
DA:11327,0
DA:11329,0
DA:11330,0
DA:11331,0
DA:11353,0
DA:11356,0
DA:11357,0
DA:11360,0
DA:11361,0
DA:11362,0
DA:11363,0
DA:11364,0
DA:11365,0
DA:11367,0
DA:11371,0
DA:11377,0
DA:11381,0
DA:11386,0
DA:11387,0
DA:11388,0
DA:11432,0
DA:11439,0
DA:11440,0
DA:11441,0
DA:11444,0
DA:11445,0
DA:11446,0
DA:11449,0
DA:11450,0
DA:11451,0
DA:11454,0
DA:11455,0
DA:11456,0
DA:11459,0
DA:11460,0
DA:11461,0
DA:11467,0
DA:11474,0
DA:11475,0
DA:11476,0
DA:11479,0
DA:11480,0
DA:11481,0
DA:11484,0
DA:11485,0
DA:11486,0
DA:11489,0
DA:11490,0
DA:11491,0
DA:11494,0
DA:11495,0
DA:11496,0
DA:11502,0
DA:11509,0
DA:11510,0
DA:11512,0
DA:11513,0
DA:11515,0
DA:11516,0
DA:11517,0
DA:11520,0
DA:11521,0
DA:11523,0
DA:11524,0
DA:11525,0
DA:11551,0
DA:11554,0
DA:11555,0
DA:11558,0
DA:11559,0
DA:11560,0
DA:11561,0
DA:11562,0
DA:11563,0
DA:11565,0
DA:11572,0
DA:11581,0
DA:11588,0
DA:11596,0
DA:11597,0
DA:11598,0
DA:11646,0
DA:11653,0
DA:11654,0
DA:11655,0
DA:11658,0
DA:11659,0
DA:11660,0
DA:11663,0
DA:11664,0
DA:11665,0
DA:11668,0
DA:11669,0
DA:11670,0
DA:11673,0
DA:11674,0
DA:11675,0
DA:11678,0
DA:11679,0
DA:11680,0
DA:11683,0
DA:11684,0
DA:11685,0
DA:11691,0
DA:11698,0
DA:11699,0
DA:11700,0
DA:11703,0
DA:11704,0
DA:11705,0
DA:11708,0
DA:11709,0
DA:11710,0
DA:11713,0
DA:11714,0
DA:11715,0
DA:11718,0
DA:11719,0
DA:11720,0
DA:11723,0
DA:11724,0
DA:11725,0
DA:11728,0
DA:11729,0
DA:11730,0
DA:11736,0
DA:11743,0
DA:11744,0
DA:11746,0
DA:11747,0
DA:11748,0
DA:11751,0
DA:11752,0
DA:11754,0
DA:11755,0
DA:11757,0
DA:11758,0
DA:11759,0
DA:11762,0
DA:11763,0
DA:11764,0
DA:11767,0
DA:11768,0
DA:11769,0
DA:11795,0
DA:11798,0
DA:11799,0
DA:11802,0
DA:11803,0
DA:11804,0
DA:11805,0
DA:11806,0
DA:11807,0
DA:11809,0
DA:11818,0
DA:11829,0
DA:11838,0
DA:11848,0
DA:11849,0
DA:11850,0
DA:11896,0
DA:11903,0
DA:11904,0
DA:11905,0
DA:11908,0
DA:11909,0
DA:11910,0
DA:11913,0
DA:11914,0
DA:11915,0
DA:11918,0
DA:11919,0
DA:11920,0
DA:11923,0
DA:11924,0
DA:11925,0
DA:11928,0
DA:11929,0
DA:11930,0
DA:11936,0
DA:11943,0
DA:11944,0
DA:11945,0
DA:11948,0
DA:11949,0
DA:11950,0
DA:11953,0
DA:11954,0
DA:11955,0
DA:11958,0
DA:11959,0
DA:11960,0
DA:11963,0
DA:11964,0
DA:11965,0
DA:11968,0
DA:11969,0
DA:11970,0
DA:11976,0
DA:11983,0
DA:11984,0
DA:11986,0
DA:11987,0
DA:11989,0
DA:11990,0
DA:11992,0
DA:11993,0
DA:11995,0
DA:11996,0
DA:11998,0
DA:11999,0
DA:12024,0
DA:12027,0
DA:12028,0
DA:12031,0
DA:12032,0
DA:12033,0
DA:12034,0
DA:12038,0
DA:12039,0
DA:12044,0
DA:12052,0
DA:12062,0
DA:12070,0
DA:12079,0
DA:12080,0
DA:12081,0
DA:12111,0
DA:12112,0
DA:12113,0
DA:12114,0
DA:12115,0
DA:12116,0
DA:12117,0
DA:12118,0
DA:12119,0
DA:12120,0
DA:12121,0
DA:12122,0
DA:12123,0
DA:12124,0
DA:12125,0
DA:12126,0
DA:12127,0
DA:12128,0
DA:12129,0
DA:12130,0
DA:12131,0
DA:12132,0
DA:12133,0
DA:12134,0
DA:12135,0
DA:12136,0
DA:12137,0
DA:12138,0
DA:12139,0
LF:5312
LH:1359
end_of_record
SF:lib\src\data\app_database.dart
DA:28,0
DA:29,12
DA:31,11
DA:34,11
DA:35,11
DA:36,22
DA:37,1
DA:38,1
DA:39,0
DA:41,1
DA:42,0
DA:43,0
DA:44,0
DA:45,0
DA:46,0
DA:47,0
DA:48,0
DA:49,0
DA:51,1
DA:52,0
DA:53,0
DA:54,0
DA:55,0
DA:56,0
DA:57,0
DA:58,0
DA:59,0
DA:60,0
DA:61,0
DA:67,2
DA:68,0
DA:70,1
DA:71,4
DA:72,4
DA:78,0
DA:79,0
DA:81,0
DA:82,0
DA:83,0
LF:39
LH:13
end_of_record
SF:packages\amuwak_core\lib\src\shared\phone.dart
DA:9,21
DA:21,7
DA:22,7
DA:23,7
DA:24,6
DA:26,7
DA:27,2
LF:7
LH:7
end_of_record
SF:packages\amuwak_core\lib\src\shared\uuid.dart
DA:13,6
LF:1
LH:1
end_of_record
SF:packages\amuwak_core\lib\src\shared\format_ugx.dart
DA:5,15
DA:6,15
DA:7,30
DA:8,15
DA:9,45
DA:10,75
DA:11,30
DA:13,15
DA:23,3
DA:24,12
DA:25,6
DA:26,0
LF:12
LH:11
end_of_record
SF:packages\amuwak_core\lib\src\shared\order_code.dart
DA:18,0
DA:19,0
DA:20,0
DA:21,0
DA:25,0
DA:26,0
DA:28,0
DA:34,0
DA:35,0
DA:37,0
DA:39,0
DA:55,4
DA:56,12
DA:57,8
DA:65,20
LF:15
LH:4
end_of_record
SF:packages\amuwak_core\lib\src\shared\email_validation.dart
DA:5,6
DA:7,8
LF:2
LH:2
end_of_record
SF:packages\amuwak_core\lib\src\orders\order_status.dart
DA:13,3
DA:14,3
DA:15,3
DA:16,3
DA:17,2
DA:32,3
DA:33,3
DA:34,4
DA:35,2
DA:36,1
DA:37,1
DA:40,1
DA:46,2
DA:55,4
DA:56,4
DA:57,4
DA:58,0
DA:59,0
LF:18
LH:16
end_of_record
SF:packages\amuwak_core\lib\src\orders\service_type.dart
DA:15,15
DA:16,15
DA:17,14
DA:18,14
DA:19,14
DA:22,4
DA:23,4
DA:24,3
DA:25,3
DA:26,3
DA:29,3
DA:30,3
DA:31,2
DA:32,2
DA:33,2
DA:34,0
LF:16
LH:15
end_of_record
SF:packages\amuwak_core\lib\src\shared\theme\app_typography.dart
DA:19,4
DA:25,4
DA:35,8
DA:36,8
DA:37,8
DA:38,8
DA:39,8
DA:40,4
DA:41,4
DA:42,4
DA:43,4
DA:44,4
DA:45,4
DA:46,4
DA:47,4
DA:48,4
DA:49,4
DA:50,4
LF:18
LH:18
end_of_record
SF:packages\amuwak_core\lib\src\shared\theme\status_colors.dart
DA:8,88
DA:12,0
DA:14,0
DA:15,0
DA:16,0
DA:18,0
DA:19,0
DA:27,88
DA:39,11
DA:40,21
DA:41,19
DA:42,14
DA:43,12
DA:55,0
DA:62,0
DA:63,0
DA:64,0
DA:65,0
DA:66,0
DA:70,0
DA:72,0
DA:73,0
DA:74,0
DA:75,0
DA:76,0
DA:78,0
DA:79,0
DA:80,0
DA:81,0
DA:82,0
LF:30
LH:7
end_of_record
SF:packages\amuwak_core\lib\src\shared\theme\app_card.dart
DA:13,18
DA:24,18
DA:26,18
DA:27,18
DA:30,54
DA:34,18
DA:35,18
DA:36,18
DA:39,18
DA:50,34
LF:10
LH:10
end_of_record
SF:packages\amuwak_core\lib\src\shared\motion\animated_gradient_header.dart
DA:16,2
DA:25,2
DA:26,2
DA:31,4
DA:39,4
DA:40,4
DA:41,2
DA:43,2
DA:45,2
DA:49,6
DA:52,2
DA:54,2
DA:55,2
DA:56,2
DA:60,2
DA:62,4
DA:63,2
DA:66,2
DA:68,2
DA:69,2
DA:70,2
DA:71,2
DA:72,6
DA:73,6
DA:74,6
DA:75,2
DA:76,4
DA:77,2
DA:79,2
DA:82,2
DA:87,2
DA:88,2
DA:89,2
DA:98,4
LF:34
LH:34
end_of_record
SF:packages\amuwak_core\lib\src\shared\motion\count_up_text.dart
DA:9,2
DA:14,2
DA:16,4
DA:19,2
DA:20,6
DA:23,2
DA:24,8
LF:7
LH:7
end_of_record
SF:packages\amuwak_core\lib\src\shared\motion\pressable_scale.dart
DA:12,8
DA:17,8
DA:18,8
DA:24,6
DA:25,18
DA:26,18
DA:30,8
DA:32,16
DA:33,8
DA:34,8
DA:37,16
DA:40,16
DA:42,8
DA:44,8
DA:46,16
DA:47,12
DA:48,12
DA:49,6
LF:18
LH:18
end_of_record
SF:packages\amuwak_core\lib\src\shared\motion\reveal_on_mount.dart
DA:12,2
DA:21,2
DA:22,2
DA:27,4
DA:37,4
DA:38,2
DA:44,2
DA:46,2
DA:47,2
DA:48,2
DA:51,6
DA:52,2
DA:56,3
DA:57,2
DA:62,4
DA:63,2
DA:64,1
DA:65,0
DA:68,1
DA:72,2
DA:74,3
DA:75,4
DA:76,4
DA:77,2
DA:80,2
DA:83,4
DA:84,2
DA:87,1
DA:88,1
DA:89,1
DA:90,1
DA:91,2
DA:92,1
DA:93,5
DA:98,2
LF:35
LH:34
end_of_record
SF:packages\amuwak_core\lib\src\shared\widgets\app_theme.dart
DA:8,4
DA:9,4
DA:19,4
DA:31,4
DA:33,4
DA:34,4
DA:35,0
DA:36,0
DA:41,4
DA:42,0
DA:43,0
DA:51,4
DA:52,4
DA:56,4
DA:57,4
DA:61,4
DA:62,4
DA:66,4
DA:67,4
DA:74,4
DA:78,4
DA:79,4
DA:82,4
DA:83,4
LF:24
LH:20
end_of_record
SF:packages\amuwak_core\lib\src\shared\widgets\empty_state.dart
DA:6,245
DA:17,5
DA:19,5
DA:20,5
DA:22,5
DA:24,5
DA:25,5
DA:26,5
DA:28,20
DA:31,5
DA:32,5
DA:34,5
DA:37,15
DA:41,5
DA:42,5
LF:15
LH:15
end_of_record
SF:lib\src\data\tables\staff_table.dart
DA:4,0
DA:5,0
DA:6,0
DA:7,0
DA:8,0
DA:9,0
DA:10,0
DA:11,0
DA:12,0
DA:13,0
DA:15,0
DA:16,0
LF:12
LH:0
end_of_record
SF:lib\src\data\tables\customers_table.dart
DA:4,0
DA:5,0
DA:6,0
DA:7,0
DA:8,0
DA:9,0
DA:10,0
DA:11,0
DA:12,0
DA:14,0
DA:15,0
LF:11
LH:0
end_of_record
SF:lib\src\data\tables\orders_table.dart
DA:4,0
DA:5,0
DA:6,0
DA:7,0
DA:8,0
DA:9,0
DA:10,0
DA:11,0
DA:12,0
DA:13,0
DA:14,0
DA:15,0
DA:16,0
DA:17,0
DA:18,0
DA:19,0
DA:23,0
DA:24,0
DA:25,0
DA:26,0
DA:27,0
DA:29,0
DA:30,0
DA:31,0
DA:32,0
DA:33,0
DA:34,0
DA:36,0
DA:37,0
DA:38,0
DA:39,0
DA:41,0
DA:42,0
LF:33
LH:0
end_of_record
SF:lib\src\data\tables\order_status_events_table.dart
DA:4,0
DA:5,0
DA:6,0
DA:7,0
DA:8,0
DA:9,0
DA:10,0
DA:11,0
DA:13,0
DA:14,0
LF:10
LH:0
end_of_record
SF:lib\src\data\tables\proof_events_table.dart
DA:4,0
DA:5,0
DA:6,0
DA:7,0
DA:8,0
DA:9,0
DA:10,0
DA:11,0
DA:12,0
DA:13,0
DA:15,0
DA:16,0
LF:12
LH:0
end_of_record
SF:lib\src\data\tables\proof_photos_table.dart
DA:4,0
DA:5,0
DA:6,0
DA:7,0
DA:8,0
DA:9,0
DA:10,0
DA:11,0
DA:13,0
DA:14,0
LF:10
LH:0
end_of_record
SF:lib\src\data\tables\issues_table.dart
DA:4,0
DA:5,0
DA:6,0
DA:7,0
DA:8,0
DA:9,0
DA:10,0
DA:11,0
DA:13,0
DA:14,0
LF:10
LH:0
end_of_record
SF:lib\src\data\tables\shifts_table.dart
DA:4,0
DA:5,0
DA:6,0
DA:7,0
DA:8,0
DA:9,0
DA:10,0
DA:11,0
DA:13,0
DA:14,0
LF:10
LH:0
end_of_record
SF:lib\src\data\tables\valid_transitions_table.dart
DA:4,0
DA:5,0
DA:6,0
DA:7,0
DA:8,0
DA:10,0
DA:11,0
LF:7
LH:0
end_of_record
SF:lib\src\data\tables\outbox_table.dart
DA:4,0
DA:7,0
DA:8,0
DA:9,0
DA:10,0
DA:11,0
DA:12,0
DA:13,0
DA:14,0
DA:15,0
DA:20,0
DA:21,0
LF:12
LH:0
end_of_record
SF:lib\src\data\tables\sync_watermarks_table.dart
DA:7,0
DA:8,0
DA:10,0
DA:11,0
LF:4
LH:0
end_of_record
SF:lib\src\data\tables\pull_dead_letter_table.dart
DA:12,0
DA:13,0
DA:14,0
DA:15,0
DA:16,0
DA:18,0
DA:19,0
LF:7
LH:0
end_of_record
SF:lib\src\data\tables\pricing_settings_table.dart
DA:4,0
DA:5,0
DA:6,0
DA:7,0
DA:9,0
DA:10,0
DA:11,0
DA:13,0
DA:14,0
LF:9
LH:0
end_of_record
SF:lib\src\data\tables\pricing_catalog_items_table.dart
DA:10,0
DA:11,0
DA:12,0
DA:13,0
DA:14,0
DA:15,0
DA:17,0
DA:18,0
LF:8
LH:0
end_of_record
SF:lib\src\expenses\expense.dart
DA:16,2
DA:17,2
DA:18,1
DA:19,1
DA:20,1
DA:29,2
DA:30,2
DA:31,2
DA:32,2
DA:33,1
DA:34,1
DA:37,1
DA:38,2
DA:51,7
DA:67,4
DA:68,2
DA:69,4
DA:70,4
DA:71,2
DA:72,4
DA:73,2
LF:21
LH:21
end_of_record
SF:lib\src\expenses\expense_list_extensions.dart
DA:8,3
DA:9,9
DA:13,3
DA:14,3
DA:15,5
DA:16,7
DA:17,4
LF:7
LH:7
end_of_record
SF:lib\src\orders\order.dart
DA:9,48
DA:70,20
DA:71,18
DA:72,4
DA:73,4
DA:86,18
DA:87,12
DA:88,13
DA:90,13
DA:91,24
DA:92,22
DA:104,1
DA:108,1
DA:109,1
DA:110,2
DA:111,1
DA:112,1
DA:113,2
DA:114,2
DA:115,1
DA:116,1
DA:118,1
DA:119,1
DA:120,1
DA:121,1
DA:122,1
DA:123,1
DA:124,1
DA:126,3
DA:127,1
DA:128,2
DA:129,1
DA:130,1
DA:132,1
DA:134,1
DA:135,1
DA:136,1
DA:137,1
DA:138,3
DA:139,1
DA:140,1
DA:141,1
DA:142,1
DA:143,1
DA:144,1
DA:154,2
DA:158,2
DA:160,2
DA:161,2
DA:162,2
DA:163,4
DA:164,2
DA:165,2
DA:166,4
DA:167,4
DA:168,2
DA:171,2
DA:172,2
DA:173,2
DA:174,2
DA:175,2
DA:176,2
DA:179,4
DA:180,4
DA:181,1
DA:182,2
DA:183,2
DA:184,1
DA:186,1
DA:188,2
DA:193,4
DA:194,3
DA:195,2
DA:196,4
DA:197,4
DA:198,4
DA:202,3
DA:203,2
DA:205,3
DA:207,3
DA:215,15
DA:216,14
DA:221,3
DA:222,3
DA:224,6
DA:225,3
DA:228,5
DA:229,5
DA:230,5
DA:231,9
DA:234,15
DA:235,10
DA:236,5
DA:250,8
DA:251,8
DA:252,32
DA:253,32
DA:254,16
DA:255,8
DA:256,6
DA:257,10
DA:258,9
DA:259,9
DA:260,6
DA:266,5
DA:267,15
DA:279,10
DA:283,5
DA:287,13
DA:318,13
DA:319,12
DA:320,25
DA:321,13
DA:322,11
DA:323,12
DA:324,9
DA:325,12
DA:326,12
DA:327,11
DA:328,11
DA:329,12
DA:330,13
DA:331,13
DA:333,11
DA:334,13
DA:335,13
DA:338,12
DA:340,13
DA:341,11
DA:342,13
DA:343,12
DA:345,13
DA:346,13
DA:348,13
DA:349,13
DA:353,12
DA:356,6
DA:357,6
DA:358,6
DA:359,6
DA:360,6
DA:361,6
DA:362,6
DA:363,6
DA:364,6
DA:365,6
DA:366,6
DA:367,6
DA:368,6
DA:369,6
DA:370,6
DA:371,6
DA:372,6
DA:373,6
DA:374,6
DA:375,6
DA:376,3
DA:377,3
DA:378,3
DA:379,3
DA:382,5
DA:383,4
DA:384,5
DA:386,5
DA:387,4
DA:388,5
DA:393,1
DA:394,1
DA:395,1
DA:396,1
DA:397,1
DA:398,1
DA:399,1
DA:400,1
DA:401,1
DA:402,1
DA:403,1
DA:404,1
DA:405,1
DA:406,1
DA:407,1
DA:408,1
DA:409,2
DA:412,1
DA:413,1
DA:414,1
DA:415,1
DA:416,2
DA:417,1
DA:418,1
DA:419,1
DA:420,1
DA:421,1
DA:422,1
LF:194
LH:194
end_of_record
SF:lib\src\orders\pricing\line_item.dart
DA:5,10
DA:6,10
DA:7,20
DA:8,1
DA:10,20
DA:11,2
DA:19,8
DA:22,4
DA:23,2
DA:24,4
DA:27,2
DA:29,14
DA:31,1
DA:32,3
DA:34,1
DA:35,3
LF:16
LH:16
end_of_record
SF:lib\src\orders\proof_event.dart
DA:12,3
DA:13,3
DA:14,3
DA:15,2
DA:18,2
DA:19,2
DA:20,2
DA:28,18
DA:44,6
DA:47,2
DA:48,6
DA:49,3
DA:50,3
DA:51,3
DA:52,3
DA:53,5
DA:54,4
DA:55,5
DA:60,2
DA:61,2
DA:62,2
DA:63,2
DA:64,2
DA:65,2
DA:66,2
DA:67,4
LF:26
LH:26
end_of_record
SF:lib\src\orders\order_filter.dart
DA:27,4
DA:28,4
DA:29,8
DA:30,8
DA:31,7
DA:32,4
DA:33,1
DA:34,1
DA:39,3
DA:40,6
DA:42,5
DA:43,5
DA:44,13
DA:45,13
DA:46,4
DA:47,4
DA:48,7
DA:49,9
DA:50,9
DA:53,3
DA:57,3
DA:59,9
DA:60,3
DA:65,5
DA:66,5
DA:67,18
DA:70,3
DA:71,6
DA:72,6
DA:79,3
DA:80,3
DA:81,9
DA:82,9
DA:83,9
LF:34
LH:34
end_of_record
SF:lib\src\orders\order_list_extensions.dart
DA:5,4
DA:6,20
DA:8,4
DA:9,16
DA:14,15
DA:15,9
DA:20,15
DA:21,12
DA:25,1
DA:26,4
DA:33,3
DA:53,3
DA:58,3
DA:59,3
DA:60,6
DA:61,3
DA:63,3
DA:69,3
DA:70,12
DA:71,9
DA:75,3
DA:76,3
DA:77,3
DA:78,1
DA:79,1
DA:80,12
DA:83,6
DA:84,6
DA:86,3
DA:87,3
DA:88,3
DA:91,3
DA:93,3
DA:94,3
DA:96,3
DA:97,6
DA:122,2
DA:123,2
DA:124,2
DA:125,2
DA:126,2
DA:127,2
DA:128,2
DA:129,6
DA:130,3
DA:131,4
DA:133,4
DA:135,6
DA:136,6
DA:137,6
DA:138,2
DA:139,2
LF:52
LH:52
end_of_record
SF:lib\src\reports\daily_report_screen.dart
DA:14,1
DA:23,1
DA:25,1
DA:26,2
DA:27,1
DA:28,2
DA:29,3
DA:36,3
DA:42,3
DA:81,2
DA:82,2
DA:86,6
DA:88,2
DA:92,6
DA:93,4
DA:94,6
DA:95,6
DA:96,2
DA:97,4
DA:100,4
DA:101,4
DA:102,4
DA:103,4
DA:105,2
DA:106,2
DA:107,2
DA:108,2
DA:113,2
DA:114,2
DA:115,2
DA:116,2
DA:117,2
DA:120,2
DA:122,2
DA:123,2
DA:127,2
DA:130,2
DA:132,2
DA:135,4
DA:137,2
DA:138,2
DA:145,2
DA:146,2
DA:147,2
DA:148,2
DA:149,6
DA:151,2
DA:153,1
DA:154,4
DA:157,2
DA:159,2
DA:160,6
DA:161,2
DA:163,2
DA:164,2
DA:165,2
DA:168,2
DA:170,6
DA:175,2
DA:176,2
DA:178,2
DA:179,2
DA:180,6
DA:181,2
DA:182,2
DA:184,4
DA:190,2
DA:192,2
DA:193,2
DA:195,4
DA:206,8
DA:208,2
DA:216,2
DA:217,2
DA:219,2
DA:220,2
DA:221,2
DA:222,2
DA:224,6
DA:228,2
DA:236,2
DA:240,4
DA:244,2
DA:245,2
DA:250,2
DA:252,2
DA:254,2
DA:256,2
DA:261,2
DA:262,2
DA:264,6
DA:266,2
DA:267,2
DA:274,2
DA:275,8
DA:276,2
DA:277,2
DA:282,4
DA:291,2
DA:314,2
DA:316,2
DA:317,2
DA:319,4
DA:321,2
DA:323,2
DA:325,4
DA:327,2
DA:329,2
DA:330,2
DA:331,4
DA:333,2
DA:335,2
DA:337,4
DA:339,2
DA:343,2
DA:345,2
DA:346,2
DA:347,4
DA:348,2
DA:350,2
DA:352,2
DA:357,1
DA:359,1
DA:360,1
DA:362,1
DA:364,3
DA:372,1
DA:374,1
DA:376,3
DA:386,2
DA:387,2
DA:388,8
DA:389,6
DA:390,6
DA:391,2
DA:402,2
DA:416,2
DA:420,2
DA:422,4
DA:423,4
DA:424,2
DA:425,4
DA:426,10
DA:427,2
DA:428,4
DA:429,2
DA:434,2
DA:437,2
DA:438,2
DA:441,2
DA:442,4
DA:443,4
DA:445,8
DA:448,2
DA:449,4
DA:452,2
DA:455,2
DA:456,4
DA:459,4
DA:472,2
DA:516,2
DA:520,2
DA:521,4
DA:524,4
DA:525,4
DA:526,2
DA:528,6
DA:529,3
DA:531,5
DA:532,1
DA:536,2
DA:537,6
DA:538,4
DA:539,4
DA:542,2
DA:543,10
DA:544,6
DA:553,2
DA:559,2
DA:563,2
DA:565,4
DA:566,4
DA:567,6
DA:569,6
DA:571,2
DA:572,2
DA:573,2
DA:574,6
DA:575,4
DA:576,2
DA:578,2
DA:579,2
DA:580,2
DA:581,2
DA:582,2
DA:584,2
DA:585,2
DA:587,2
DA:590,8
DA:594,2
DA:596,2
DA:597,2
DA:598,6
DA:599,4
DA:600,2
DA:605,4
DA:611,2
DA:614,2
DA:615,2
DA:616,4
DA:617,2
DA:619,4
DA:624,2
DA:625,2
DA:626,10
DA:628,4
DA:639,2
DA:651,2
DA:653,6
DA:655,8
DA:656,2
DA:657,4
DA:658,2
DA:659,4
DA:660,8
DA:661,10
DA:664,2
DA:666,10
DA:669,2
DA:670,6
DA:671,0
DA:672,16
DA:674,12
DA:675,2
DA:678,2
DA:679,8
DA:680,6
DA:681,2
DA:682,6
DA:684,6
DA:688,2
DA:689,6
DA:690,6
DA:691,2
DA:693,8
DA:694,2
DA:696,2
DA:697,4
DA:698,2
DA:699,2
DA:700,2
DA:701,2
DA:704,12
DA:705,2
DA:708,2
DA:709,6
DA:710,2
DA:712,8
DA:715,2
DA:717,6
DA:718,0
DA:719,0
DA:720,0
DA:725,2
DA:739,2
DA:741,2
DA:742,2
DA:744,2
DA:745,2
DA:747,4
DA:748,2
DA:751,2
DA:753,4
DA:754,2
DA:757,2
DA:759,2
DA:769,2
DA:781,2
DA:783,4
DA:784,2
DA:786,2
DA:787,2
DA:788,2
DA:790,2
DA:791,2
DA:792,2
DA:793,2
DA:794,2
DA:796,2
DA:799,4
DA:801,2
DA:802,2
DA:813,2
DA:814,4
DA:815,2
DA:816,6
DA:818,2
DA:827,2
DA:844,2
DA:846,4
DA:849,2
DA:850,4
DA:851,4
DA:853,1
DA:854,1
DA:856,3
DA:859,2
DA:860,2
DA:861,2
DA:863,2
DA:864,2
DA:865,2
DA:866,6
DA:874,1
DA:875,2
DA:876,2
DA:878,2
DA:881,2
DA:884,2
DA:885,2
DA:886,2
DA:887,2
DA:889,2
DA:890,2
DA:896,2
DA:897,4
DA:898,2
DA:899,7
DA:913,2
DA:927,2
DA:930,4
DA:931,2
DA:932,2
DA:933,2
DA:934,2
DA:935,2
DA:936,2
DA:937,2
DA:938,4
DA:941,2
DA:942,2
DA:943,2
DA:944,2
DA:945,4
DA:948,2
DA:949,2
DA:950,2
DA:951,2
DA:952,4
DA:955,2
DA:956,2
DA:957,2
DA:958,2
DA:959,4
DA:968,2
DA:980,2
DA:982,10
DA:984,2
DA:986,2
DA:987,2
DA:988,2
DA:989,2
DA:990,2
DA:991,2
DA:992,2
DA:993,6
DA:998,2
DA:999,6
DA:1008,2
DA:1009,2
DA:1010,2
DA:1013,4
DA:1014,4
DA:1023,2
DA:1040,2
DA:1042,4
DA:1043,10
DA:1045,5
DA:1047,2
DA:1048,2
DA:1050,2
DA:1051,2
DA:1052,2
DA:1053,2
DA:1055,6
DA:1058,2
DA:1059,2
DA:1060,4
DA:1063,6
DA:1069,2
DA:1078,2
DA:1079,4
LF:392
LH:388
end_of_record
SF:lib\src\reports\report_period.dart
DA:6,3
DA:13,10
DA:28,3
DA:29,3
DA:30,2
DA:31,1
DA:38,3
DA:39,3
DA:41,3
DA:42,3
DA:43,12
DA:44,15
DA:46,2
DA:47,14
DA:48,2
DA:50,10
DA:52,1
DA:53,1
DA:54,3
DA:55,4
DA:65,9
DA:66,3
DA:67,4
DA:68,3
DA:73,3
DA:74,14
LF:26
LH:26
end_of_record
SF:lib\src\auth\auth_service.dart
DA:4,3
DA:6,0
DA:7,0
DA:11,2
DA:12,1
DA:18,1
DA:23,2
DA:24,1
DA:27,1
DA:28,2
DA:35,1
DA:37,3
DA:38,1
DA:39,2
DA:45,1
DA:47,3
DA:48,1
DA:49,2
DA:53,3
DA:55,0
DA:57,0
DA:58,0
DA:59,0
LF:23
LH:17
end_of_record
SF:lib\src\orders\geo_services.dart
DA:7,1
DA:17,1
DA:18,0
DA:19,0
DA:21,0
DA:23,0
DA:25,0
DA:26,0
DA:27,0
DA:30,0
DA:31,0
DA:40,1
DA:41,0
DA:42,0
DA:45,0
DA:46,0
DA:47,0
DA:48,0
DA:49,0
DA:50,0
DA:53,0
DA:54,0
DA:55,0
DA:56,0
LF:24
LH:3
end_of_record
SF:lib\src\orders\new_pickup_result.dart
DA:5,6
DA:13,1
DA:16,1
DA:17,3
DA:18,3
DA:20,1
DA:21,3
LF:7
LH:7
end_of_record
SF:lib\src\orders\new_pickup_screen.dart
DA:23,1
DA:25,1
DA:26,1
DA:27,1
DA:28,1
DA:29,1
DA:30,1
DA:32,1
DA:35,1
DA:36,2
DA:37,1
DA:40,1
DA:41,1
DA:48,5
DA:80,5
DA:81,5
DA:130,1
DA:131,3
DA:132,2
DA:133,1
DA:134,1
DA:135,3
DA:136,3
DA:137,3
DA:145,4
DA:146,16
DA:148,4
DA:149,8
DA:150,4
DA:151,4
DA:153,4
DA:154,3
DA:155,3
DA:156,3
DA:164,5
DA:165,20
DA:166,2
DA:167,15
DA:171,4
DA:172,4
DA:173,16
DA:174,12
DA:175,4
DA:177,5
DA:180,1
DA:181,2
DA:182,1
DA:183,1
DA:187,1
DA:188,3
DA:189,1
DA:190,1
DA:193,1
DA:195,1
DA:196,1
DA:197,1
DA:198,1
DA:200,1
DA:201,1
DA:202,1
DA:203,1
DA:204,1
DA:205,1
DA:206,1
DA:212,4
DA:213,0
DA:218,2
DA:219,1
DA:220,1
DA:224,5
DA:226,5
DA:227,15
DA:228,5
DA:236,5
DA:237,5
DA:238,5
DA:240,3
DA:241,3
DA:242,3
DA:243,3
DA:244,9
DA:245,6
DA:248,5
DA:249,5
DA:250,10
DA:251,9
DA:252,5
DA:253,10
DA:254,11
DA:255,5
DA:260,15
DA:262,23
DA:263,6
DA:265,5
DA:267,0
DA:275,6
DA:276,2
DA:278,5
DA:280,0
DA:289,16
DA:295,10
DA:296,25
DA:299,25
DA:300,5
DA:301,25
DA:302,10
DA:305,15
DA:308,11
DA:309,1
DA:312,1
DA:313,3
DA:315,3
DA:316,1
DA:318,3
DA:328,3
DA:329,1
DA:331,3
DA:340,4
DA:342,4
DA:346,4
DA:347,8
DA:348,12
DA:349,8
DA:354,12
DA:356,7
DA:357,9
DA:362,3
DA:363,3
DA:365,0
DA:371,0
DA:372,0
DA:380,3
DA:381,3
DA:382,3
DA:383,6
DA:384,3
DA:386,3
DA:389,3
DA:395,6
DA:396,6
DA:398,3
DA:399,3
DA:400,3
DA:401,12
DA:405,3
DA:406,3
DA:407,3
DA:408,3
DA:409,3
DA:410,0
DA:415,3
DA:416,3
DA:417,9
DA:428,6
DA:429,6
DA:430,6
DA:431,6
DA:432,9
DA:433,9
DA:438,4
DA:439,4
DA:440,12
DA:441,12
DA:442,12
DA:446,4
DA:448,2
DA:449,5
DA:450,0
DA:451,0
DA:457,4
DA:458,16
DA:459,4
DA:461,12
DA:462,12
DA:463,12
DA:472,4
DA:473,3
DA:476,16
DA:477,4
DA:480,4
DA:482,4
DA:483,4
DA:484,4
DA:485,4
DA:486,4
DA:488,4
DA:490,8
DA:492,4
DA:493,12
DA:495,4
DA:498,12
DA:499,4
DA:500,6
DA:501,6
DA:510,12
DA:513,8
DA:516,1
DA:522,1
DA:523,3
DA:524,1
DA:528,3
DA:529,1
DA:531,2
DA:539,4
DA:540,4
DA:541,4
DA:542,4
DA:546,5
DA:548,15
DA:549,10
DA:550,10
DA:551,10
DA:552,10
DA:553,10
DA:554,10
DA:555,10
DA:556,10
DA:557,5
DA:560,5
DA:565,5
DA:566,9
DA:567,5
DA:568,10
DA:569,5
DA:570,10
DA:571,15
DA:575,5
DA:576,5
DA:578,5
DA:579,5
DA:581,5
DA:588,12
DA:591,12
DA:594,5
DA:596,5
DA:597,5
DA:604,16
DA:607,12
DA:608,4
DA:609,4
DA:613,5
DA:615,5
DA:618,10
DA:622,5
DA:626,5
DA:627,5
DA:628,4
DA:629,12
DA:630,4
DA:631,4
DA:632,13
DA:633,4
DA:635,3
DA:637,5
DA:638,5
DA:639,5
DA:641,10
DA:642,5
DA:653,12
DA:656,12
DA:661,1
DA:662,1
DA:664,1
DA:666,1
DA:667,1
DA:669,1
DA:671,1
DA:674,1
DA:675,1
DA:676,1
DA:677,1
DA:678,2
DA:679,1
DA:682,1
DA:693,5
DA:695,5
DA:696,20
DA:698,5
DA:699,15
DA:704,5
DA:707,5
DA:709,4
DA:711,25
DA:712,5
DA:713,16
DA:716,5
DA:718,5
DA:720,5
DA:722,15
DA:727,5
DA:729,5
DA:731,5
DA:733,15
DA:738,5
DA:740,5
DA:741,5
DA:745,13
DA:747,5
DA:749,5
DA:751,5
DA:754,10
DA:755,5
DA:760,5
DA:766,13
DA:772,5
DA:776,10
DA:777,2
DA:783,5
DA:794,5
DA:795,3
DA:796,2
DA:797,2
DA:798,1
DA:799,1
DA:803,11
DA:805,1
DA:807,1
DA:808,1
DA:810,2
DA:811,2
DA:813,4
DA:816,1
DA:818,2
DA:819,1
DA:820,4
DA:821,1
DA:823,4
DA:827,1
DA:829,2
DA:830,1
DA:831,4
DA:832,1
DA:834,4
DA:838,1
DA:840,2
DA:841,2
DA:845,2
DA:847,1
DA:848,5
DA:849,1
DA:850,3
DA:855,5
DA:856,5
DA:857,4
DA:858,16
DA:859,5
DA:861,5
DA:862,5
DA:863,5
DA:864,5
DA:867,5
DA:869,5
DA:871,15
DA:878,9
DA:879,4
DA:881,4
DA:888,4
DA:890,4
DA:892,6
DA:893,4
DA:896,20
DA:899,4
DA:903,4
DA:904,12
DA:905,3
DA:906,1
DA:908,4
DA:909,4
DA:911,4
DA:915,8
DA:916,4
DA:917,4
DA:920,5
DA:924,10
DA:925,5
DA:927,5
DA:928,10
DA:930,5
DA:932,15
DA:936,5
DA:937,5
DA:938,5
DA:939,5
DA:940,5
DA:942,2
DA:947,5
DA:948,5
DA:949,4
DA:950,5
DA:973,74
DA:975,4
DA:980,16
LF:392
LH:383
end_of_record
SF:lib\src\sync\customers_repository.dart
DA:21,1
DA:32,1
DA:43,0
DA:44,0
DA:46,0
DA:47,0
DA:48,0
DA:49,0
DA:50,0
DA:51,0
DA:52,0
DA:53,0
DA:56,0
DA:57,0
DA:62,0
DA:63,0
DA:64,0
DA:65,0
DA:66,0
DA:67,0
DA:68,0
DA:75,0
DA:76,0
DA:79,0
DA:80,0
DA:81,0
DA:82,0
DA:83,0
DA:84,0
DA:91,1
DA:93,1
DA:94,1
DA:95,1
DA:98,0
DA:105,1
DA:106,2
DA:107,2
DA:108,1
DA:109,1
DA:110,2
LF:40
LH:12
end_of_record
SF:lib\src\sync\orders_repository.dart
DA:46,1
DA:60,1
DA:81,1
DA:83,1
DA:84,1
DA:87,1
DA:90,0
DA:97,1
DA:99,1
DA:100,1
DA:101,1
DA:104,0
DA:110,1
DA:111,1
DA:112,1
DA:113,1
DA:116,0
DA:121,0
DA:122,0
DA:127,0
DA:128,0
DA:129,0
DA:130,0
DA:131,0
DA:133,0
DA:134,0
DA:135,0
DA:136,0
DA:142,0
DA:143,0
DA:144,0
DA:145,0
DA:147,0
DA:156,0
DA:164,0
DA:166,0
DA:167,0
DA:168,0
DA:169,0
DA:170,0
DA:171,0
DA:172,0
DA:175,0
DA:176,0
DA:178,0
DA:179,0
DA:180,0
DA:181,0
DA:182,0
DA:183,0
DA:190,0
DA:191,0
DA:192,0
DA:193,0
DA:194,0
DA:196,0
DA:205,0
DA:215,3
DA:216,6
DA:217,3
DA:218,3
DA:219,3
DA:220,3
DA:221,3
DA:222,3
DA:223,3
DA:224,3
DA:225,3
DA:227,6
DA:232,1
DA:244,0
DA:245,0
DA:247,0
DA:248,0
DA:266,1
DA:268,2
DA:269,1
DA:270,1
DA:271,1
DA:272,1
DA:273,1
DA:274,2
DA:286,1
DA:291,2
DA:292,1
DA:293,2
DA:294,1
DA:296,1
DA:298,1
DA:299,0
DA:301,1
DA:302,1
DA:303,1
DA:305,2
DA:312,1
DA:314,1
DA:315,3
DA:316,1
DA:317,1
DA:318,3
DA:319,1
DA:320,1
DA:321,1
DA:322,1
DA:323,1
DA:324,1
DA:326,4
DA:328,1
DA:329,3
DA:342,1
DA:344,1
DA:345,1
DA:346,1
DA:347,2
DA:348,1
DA:349,1
DA:350,2
DA:360,1
DA:362,1
DA:363,3
DA:364,1
DA:365,2
DA:376,1
DA:382,2
DA:383,1
DA:384,1
DA:385,1
DA:386,2
LF:128
LH:80
end_of_record
SF:lib\src\sync\sync_failure_policy.dart
DA:11,4
DA:12,4
DA:13,8
DA:14,4
DA:15,4
DA:16,4
DA:17,4
DA:24,8
DA:25,4
DA:26,4
DA:27,4
DA:28,4
DA:29,4
DA:30,4
DA:31,4
DA:32,4
DA:33,4
DA:34,4
DA:35,4
DA:36,4
DA:37,4
DA:43,3
DA:44,6
DA:45,3
DA:46,6
DA:49,6
DA:52,3
DA:53,3
DA:54,3
DA:55,3
DA:58,3
DA:59,3
DA:60,3
DA:63,3
DA:78,2
DA:79,4
DA:82,2
DA:83,2
DA:84,2
DA:85,2
DA:86,2
DA:89,2
DA:90,2
DA:91,2
DA:94,2
DA:104,3
DA:105,9
LF:47
LH:47
end_of_record
SF:lib\src\orders\pricing\pricing_calculator.dart
DA:20,11
DA:22,21
DA:23,33
DA:25,37
DA:26,11
DA:27,11
DA:28,18
DA:30,11
DA:31,11
DA:32,11
DA:33,22
DA:34,11
DA:35,11
DA:39,11
DA:40,11
DA:41,11
DA:49,11
DA:50,22
DA:51,22
LF:19
LH:19
end_of_record
SF:lib\src\orders\pricing\pricing_inputs.dart
DA:5,11
DA:41,11
LF:2
LH:2
end_of_record
SF:lib\src\sync\supabase_mappers.dart
DA:21,4
DA:22,2
DA:24,4
DA:25,2
DA:26,2
DA:27,2
DA:28,2
DA:29,2
DA:31,3
DA:32,4
DA:33,4
DA:34,4
DA:37,2
DA:38,1
DA:39,1
DA:40,1
DA:41,1
DA:42,1
DA:43,1
DA:44,1
DA:45,2
DA:46,2
DA:47,2
DA:50,1
DA:51,1
DA:52,1
DA:53,1
DA:54,1
DA:55,1
DA:56,1
DA:57,2
DA:58,1
DA:59,1
DA:64,2
DA:65,1
DA:66,1
DA:67,1
DA:68,2
DA:69,1
DA:70,1
DA:71,1
DA:72,2
DA:73,2
DA:74,2
DA:88,1
DA:93,3
DA:94,1
DA:95,1
DA:96,1
DA:97,2
DA:98,4
DA:101,3
DA:103,2
DA:105,1
DA:111,1
DA:116,3
DA:117,1
DA:118,1
DA:119,2
LF:59
LH:59
end_of_record
SF:lib\src\sync\supabase_payloads.dart
DA:16,2
DA:21,2
DA:22,2
DA:23,2
DA:24,2
DA:25,2
DA:26,2
DA:27,2
DA:28,4
DA:29,4
DA:30,2
DA:31,2
DA:32,2
DA:33,2
DA:34,6
DA:35,2
DA:36,2
DA:37,2
DA:38,8
DA:39,2
DA:40,2
DA:41,2
DA:42,2
DA:43,2
DA:44,2
DA:47,4
DA:48,4
DA:51,2
DA:56,2
DA:57,2
DA:59,4
DA:69,2
DA:74,2
DA:75,2
DA:76,2
DA:77,2
DA:78,4
DA:79,2
DA:80,2
DA:81,6
DA:83,4
DA:90,2
DA:94,2
DA:95,4
DA:97,4
DA:100,4
DA:104,4
DA:105,4
DA:106,4
DA:107,4
DA:108,4
DA:109,4
DA:110,4
DA:111,12
DA:112,8
DA:115,2
DA:121,2
DA:122,2
DA:124,4
DA:125,6
DA:126,2
DA:127,2
DA:129,4
DA:130,4
LF:64
LH:64
end_of_record
SF:lib\src\auth\auth_gate.dart
DA:19,2
DA:21,2
DA:22,2
DA:28,2
DA:30,2
DA:32,2
DA:33,8
DA:36,2
DA:38,7
DA:39,2
DA:40,3
DA:41,2
DA:42,3
DA:46,6
DA:48,1
DA:49,1
DA:50,4
LF:17
LH:17
end_of_record
SF:lib\src\dashboard\staff_dashboard_screen.dart
DA:66,62
DA:85,2
DA:87,2
DA:99,2
DA:101,2
DA:102,6
DA:103,5
DA:104,2
DA:105,1
DA:106,3
DA:116,1
DA:118,2
DA:119,0
DA:120,0
DA:121,0
DA:122,0
DA:124,0
DA:130,0
DA:131,0
DA:136,0
DA:147,1
DA:148,1
DA:149,1
DA:150,2
DA:156,1
DA:157,1
DA:158,3
DA:161,1
DA:162,3
DA:168,2
DA:171,2
DA:172,2
DA:174,1
DA:176,1
DA:177,3
DA:190,0
DA:191,0
DA:194,1
DA:195,3
DA:197,3
DA:206,4
DA:207,4
DA:209,1
DA:211,1
DA:212,3
DA:219,1
DA:220,2
DA:223,2
DA:225,3
DA:226,1
DA:227,2
DA:228,3
DA:229,3
DA:234,1
DA:235,1
DA:236,1
DA:237,1
DA:238,1
DA:239,1
DA:244,1
DA:245,1
DA:254,2
DA:255,4
DA:256,2
DA:257,3
DA:263,1
DA:264,1
DA:266,1
DA:271,3
DA:278,1
DA:279,1
DA:280,3
DA:281,1
DA:282,2
DA:284,1
DA:285,1
DA:286,3
DA:287,3
DA:289,3
DA:290,3
DA:297,1
DA:303,3
DA:305,3
DA:314,1
DA:315,1
DA:316,3
DA:317,1
DA:318,2
DA:320,1
DA:321,1
DA:322,1
DA:323,3
DA:324,3
DA:326,3
DA:327,3
DA:339,1
DA:340,3
DA:342,1
DA:345,3
DA:346,3
DA:347,1
DA:348,2
DA:350,1
DA:351,1
DA:360,1
DA:361,3
DA:363,1
DA:367,1
DA:368,2
DA:369,2
DA:370,1
DA:371,2
DA:372,1
DA:373,1
DA:374,4
DA:377,3
DA:379,1
DA:380,3
DA:389,1
DA:390,2
DA:392,3
DA:394,1
DA:398,1
DA:399,2
DA:400,2
DA:401,1
DA:402,2
DA:403,1
DA:404,1
DA:405,4
DA:408,3
DA:410,1
DA:411,3
DA:417,1
DA:418,3
DA:423,1
DA:424,3
DA:426,3
DA:431,3
DA:432,3
DA:433,1
DA:434,2
DA:435,1
DA:436,0
DA:442,0
DA:449,1
DA:452,1
DA:458,1
DA:459,4
DA:460,5
DA:461,1
DA:462,1
DA:472,1
DA:473,3
DA:474,3
DA:475,1
DA:476,3
DA:481,1
DA:482,3
DA:483,3
DA:484,1
DA:485,2
DA:486,1
DA:487,1
DA:491,1
DA:497,1
DA:498,3
DA:500,3
DA:505,3
DA:506,3
DA:507,1
DA:508,2
DA:509,2
DA:515,1
DA:516,3
DA:517,1
DA:518,2
DA:519,1
DA:520,1
DA:521,1
DA:522,1
DA:523,1
DA:532,1
DA:533,3
DA:534,1
DA:535,2
DA:537,1
DA:538,1
DA:539,1
DA:540,1
DA:541,1
DA:551,1
DA:552,3
DA:553,1
DA:554,2
DA:555,1
DA:556,1
DA:557,1
DA:558,1
DA:564,1
DA:565,2
DA:566,1
DA:578,2
DA:579,2
DA:580,2
DA:582,2
DA:584,2
DA:591,2
DA:593,6
DA:598,4
DA:599,2
DA:600,4
DA:601,2
DA:602,2
DA:603,2
DA:606,2
DA:607,2
DA:609,3
DA:610,1
DA:611,1
DA:612,2
DA:617,2
DA:619,2
DA:628,2
DA:629,2
DA:630,3
DA:631,2
DA:633,1
DA:634,1
DA:635,1
DA:636,1
DA:638,1
DA:639,2
DA:640,4
DA:643,3
DA:648,2
DA:650,4
DA:652,1
DA:653,1
DA:654,1
DA:658,1
DA:659,2
DA:660,0
DA:663,3
DA:664,1
DA:665,1
DA:666,1
DA:668,4
DA:672,4
DA:677,4
DA:683,2
DA:684,1
DA:685,0
DA:687,2
DA:688,2
DA:689,2
DA:690,2
DA:691,2
DA:692,2
DA:698,4
DA:699,1
DA:700,1
DA:705,2
DA:706,2
DA:707,2
DA:740,2
DA:744,2
DA:749,4
DA:766,2
DA:780,2
DA:782,2
DA:783,2
DA:788,2
DA:789,2
DA:790,2
DA:791,2
DA:792,2
DA:805,4
DA:807,2
DA:814,2
DA:815,6
DA:817,2
DA:819,4
DA:820,2
DA:821,2
DA:822,2
DA:830,1
DA:844,1
DA:846,1
DA:848,1
DA:849,1
DA:856,1
DA:858,3
DA:861,1
DA:862,1
DA:863,1
DA:864,1
DA:865,1
DA:866,1
DA:867,1
DA:882,1
DA:908,1
DA:910,2
DA:911,2
DA:912,1
DA:919,1
DA:920,1
DA:922,1
DA:923,1
DA:924,1
DA:926,2
DA:927,1
DA:929,1
DA:934,1
DA:935,1
DA:937,1
DA:938,1
DA:940,1
DA:943,1
DA:945,1
DA:954,1
DA:957,1
DA:960,1
DA:966,2
DA:967,1
DA:968,1
DA:969,1
DA:970,1
DA:971,2
DA:980,2
DA:981,1
DA:982,1
DA:983,1
DA:984,1
DA:985,1
DA:986,1
DA:995,1
DA:996,1
DA:1006,1
DA:1016,1
DA:1018,2
DA:1019,2
DA:1020,1
DA:1021,1
DA:1022,1
DA:1023,3
DA:1025,1
DA:1026,1
DA:1027,1
DA:1028,2
DA:1033,1
DA:1034,1
DA:1035,2
DA:1046,1
DA:1050,1
DA:1052,1
DA:1053,1
DA:1055,1
DA:1058,1
DA:1059,1
DA:1076,2
DA:1082,2
DA:1084,4
DA:1085,2
DA:1087,6
DA:1088,2
DA:1089,4
DA:1090,3
DA:1092,6
DA:1093,6
DA:1095,2
DA:1097,2
DA:1098,2
DA:1099,2
DA:1105,2
DA:1113,2
DA:1114,2
DA:1116,2
DA:1117,2
DA:1118,2
DA:1119,2
DA:1120,2
DA:1122,4
DA:1127,1
DA:1129,1
DA:1134,2
DA:1136,4
DA:1137,2
DA:1151,1
DA:1155,1
DA:1157,1
DA:1159,1
DA:1160,1
DA:1161,1
DA:1163,1
DA:1164,1
DA:1165,4
DA:1178,2
DA:1183,6
DA:1185,2
DA:1186,2
DA:1187,2
DA:1188,2
DA:1191,3
DA:1199,2
DA:1200,2
DA:1201,2
DA:1203,2
DA:1204,2
DA:1206,2
DA:1212,2
DA:1214,2
DA:1215,2
DA:1216,2
DA:1217,2
DA:1218,2
DA:1221,2
DA:1222,2
DA:1223,2
DA:1226,2
DA:1237,2
DA:1251,2
DA:1253,4
DA:1254,4
DA:1255,2
DA:1256,2
DA:1257,2
DA:1258,2
DA:1259,2
DA:1260,2
DA:1261,2
DA:1264,2
DA:1265,4
DA:1266,2
DA:1268,6
DA:1273,2
DA:1274,2
DA:1276,2
DA:1277,2
DA:1278,2
DA:1279,2
DA:1281,2
DA:1282,2
DA:1283,2
DA:1296,2
DA:1306,2
DA:1308,2
DA:1310,2
DA:1311,2
DA:1313,6
DA:1316,2
DA:1317,2
DA:1318,2
DA:1319,2
DA:1322,2
DA:1326,2
DA:1327,2
DA:1330,2
DA:1334,2
DA:1335,2
DA:1338,2
DA:1349,2
DA:1359,2
DA:1361,4
DA:1362,2
DA:1363,2
DA:1368,2
DA:1369,2
DA:1370,6
DA:1372,2
DA:1373,2
DA:1375,8
[...]
DA:32,0
DA:34,0
DA:35,0
DA:38,0
DA:40,0
DA:41,0
DA:44,0
DA:46,0
DA:47,0
DA:48,0
DA:49,0
DA:50,0
DA:52,0
LF:19
LH:1
end_of_record
SF:lib\src\orders\proof\pickup_capture_screen.dart
DA:22,0
DA:27,6
DA:67,6
DA:68,6
DA:99,6
DA:100,24
DA:102,18
DA:103,18
DA:105,24
DA:106,6
DA:109,1
DA:111,1
DA:113,1
DA:118,4
DA:119,16
DA:120,12
DA:122,12
DA:123,4
DA:125,8
DA:126,8
DA:129,1
DA:130,1
DA:131,3
DA:132,4
DA:135,1
DA:136,3
DA:142,4
DA:143,12
DA:148,4
DA:149,8
DA:150,4
DA:154,3
DA:155,3
DA:156,9
DA:161,12
DA:167,6
DA:168,12
DA:169,12
DA:170,9
DA:173,6
DA:176,3
DA:178,1
DA:179,3
DA:180,3
DA:191,12
DA:192,9
DA:193,3
DA:194,3
DA:196,3
DA:197,3
DA:199,3
DA:203,9
DA:205,9
DA:206,6
DA:209,1
DA:210,3
DA:211,3
DA:221,12
DA:223,9
DA:224,9
DA:226,6
DA:227,3
DA:230,1
DA:231,3
DA:232,3
DA:244,9
DA:245,9
DA:248,12
DA:249,3
DA:251,6
DA:254,3
DA:264,3
DA:265,9
DA:276,3
DA:277,6
DA:280,6
DA:282,12
DA:283,12
DA:284,6
DA:287,6
DA:289,6
DA:290,12
DA:291,3
DA:293,2
DA:294,3
DA:297,6
DA:298,12
DA:299,6
DA:300,12
DA:301,18
DA:303,6
DA:304,12
DA:307,6
DA:308,12
DA:309,6
DA:310,4
DA:316,6
DA:317,6
DA:318,6
DA:320,6
DA:321,6
DA:322,18
DA:323,24
DA:325,6
DA:326,42
DA:330,6
DA:332,24
DA:335,6
DA:337,6
DA:338,6
DA:341,12
DA:342,5
DA:345,6
DA:347,6
DA:348,12
DA:356,6
DA:359,20
DA:364,6
DA:365,18
DA:366,24
DA:369,6
DA:371,6
DA:372,22
DA:373,4
DA:376,4
DA:377,20
DA:378,4
DA:381,4
DA:382,12
DA:385,4
DA:389,24
DA:390,6
DA:392,6
DA:393,6
DA:396,6
DA:397,6
DA:398,24
DA:400,6
DA:402,6
DA:404,24
DA:411,6
DA:413,24
DA:416,6
DA:418,6
DA:424,3
DA:427,6
DA:429,24
DA:432,6
DA:433,6
DA:434,2
DA:436,8
DA:438,12
DA:441,1
DA:442,2
DA:443,2
DA:444,1
DA:445,1
DA:450,6
DA:451,6
DA:452,6
DA:455,6
DA:457,6
DA:465,6
DA:467,10
DA:474,4
DA:475,8
DA:476,4
DA:478,4
DA:479,4
DA:480,4
DA:481,4
DA:482,4
DA:483,4
DA:484,4
DA:486,16
DA:489,4
DA:491,1
DA:492,3
DA:493,12
DA:499,4
DA:500,12
DA:501,12
DA:502,8
DA:503,8
DA:504,8
DA:512,4
DA:514,4
DA:515,8
LF:188
LH:187
end_of_record
SF:lib\src\orders\proof\proof_photo_storage.dart
DA:15,5
DA:22,10
DA:26,5
DA:33,10
DA:34,15
LF:5
LH:5
end_of_record
SF:lib\src\reports\items_breakdown_screen.dart
DA:20,2
DA:35,2
DA:37,4
DA:39,2
DA:40,4
DA:41,2
DA:42,2
DA:43,1
DA:44,1
DA:49,4
DA:54,2
DA:57,10
DA:58,3
DA:59,3
DA:60,4
DA:63,2
DA:74,2
DA:76,2
DA:84,4
DA:85,2
DA:86,2
DA:87,2
DA:89,2
DA:90,2
DA:91,6
DA:95,4
DA:96,2
DA:98,2
DA:100,3
DA:101,2
DA:103,2
DA:104,2
DA:106,3
LF:33
LH:33
end_of_record
SF:lib\src\pricing\catalog_item.dart
DA:9,8
DA:16,8
DA:17,8
DA:18,4
DA:20,16
DA:21,1
DA:23,16
DA:24,2
DA:41,4
DA:42,2
DA:43,2
DA:44,4
DA:45,2
DA:46,4
DA:47,2
DA:51,4
DA:52,2
DA:53,2
DA:54,2
DA:55,2
DA:56,2
DA:57,2
DA:60,4
DA:67,4
DA:68,4
DA:69,3
DA:70,3
DA:71,2
DA:72,4
DA:74,3
DA:77,2
DA:79,2
DA:80,6
DA:81,6
DA:82,6
DA:83,6
DA:84,6
DA:85,6
DA:87,1
DA:89,7
DA:91,1
DA:92,1
DA:93,5
DA:94,1
LF:44
LH:44
end_of_record
SF:lib\src\pricing\pricing_providers.dart
DA:9,2
DA:10,1
DA:11,0
DA:17,3
DA:18,4
DA:21,3
DA:22,0
DA:27,3
DA:28,0
LF:9
LH:6
end_of_record
SF:lib\src\pricing\pricing_settings.dart
DA:5,4
DA:33,2
DA:34,2
DA:35,2
DA:37,4
DA:38,4
DA:39,2
DA:40,3
DA:41,3
DA:42,3
DA:45,1
DA:51,1
DA:52,1
DA:53,1
DA:54,1
DA:55,1
DA:56,1
DA:57,1
DA:58,1
LF:19
LH:19
end_of_record
SF:lib\src\pricing\pricing_settings_screen.dart
DA:15,2
DA:29,2
DA:30,2
DA:42,2
DA:44,2
DA:45,2
DA:48,2
DA:50,6
DA:51,2
DA:52,4
DA:53,10
DA:54,8
DA:55,8
DA:56,8
DA:57,2
DA:60,1
DA:61,2
DA:62,1
DA:63,1
DA:70,1
DA:71,1
DA:72,1
DA:73,2
DA:74,1
DA:75,1
DA:79,1
DA:80,1
DA:81,1
DA:82,1
DA:83,1
DA:87,1
DA:91,5
DA:92,1
DA:93,1
DA:96,3
DA:97,3
DA:98,3
DA:100,1
DA:105,1
DA:106,1
DA:109,3
DA:111,3
DA:117,1
DA:118,1
DA:120,1
DA:121,1
DA:123,4
DA:127,1
DA:128,2
DA:129,1
DA:130,3
DA:133,2
DA:135,4
DA:136,4
DA:137,4
DA:138,4
DA:139,2
DA:142,2
DA:144,2
DA:145,2
DA:146,2
DA:147,2
DA:149,2
DA:150,3
DA:151,2
DA:153,2
DA:154,2
DA:156,2
DA:160,2
DA:162,2
DA:168,2
DA:169,6
DA:171,2
DA:173,2
DA:178,2
DA:180,2
DA:184,6
DA:186,2
DA:188,4
DA:193,2
DA:194,2
DA:196,4
DA:197,2
DA:210,2
DA:217,2
DA:219,2
DA:220,10
DA:222,2
DA:228,2
LF:89
LH:89
end_of_record
SF:lib\src\pricing\pricing_catalog_screen.dart
DA:15,2
DA:26,2
DA:27,2
DA:35,2
DA:37,2
DA:38,2
DA:41,2
DA:43,6
DA:44,2
DA:45,4
DA:46,2
DA:47,2
DA:48,2
DA:51,1
DA:52,2
DA:53,1
DA:54,1
DA:59,1
DA:61,3
DA:62,1
DA:64,1
DA:65,3
DA:71,1
DA:72,1
DA:75,6
DA:76,2
DA:77,3
DA:78,1
DA:79,1
DA:81,1
DA:85,1
DA:86,1
DA:88,2
DA:89,1
DA:90,1
DA:91,1
DA:92,1
DA:96,1
DA:97,1
DA:98,3
DA:99,1
DA:100,1
DA:101,1
DA:102,1
DA:103,1
DA:104,1
DA:106,1
DA:107,1
DA:111,1
DA:112,1
DA:113,3
DA:114,2
DA:116,3
DA:119,2
DA:121,2
DA:122,2
DA:123,4
DA:125,2
DA:127,2
DA:131,2
DA:132,2
DA:134,2
DA:137,4
DA:139,1
DA:141,2
DA:142,1
DA:143,2
DA:144,1
DA:145,2
DA:146,2
DA:147,1
DA:148,3
DA:150,2
DA:161,1
DA:169,1
DA:173,1
DA:174,1
DA:185,1
DA:187,1
DA:188,5
DA:189,2
DA:190,2
DA:192,4
DA:193,1
DA:194,4
DA:195,4
DA:198,1
DA:200,2
DA:201,2
DA:202,2
DA:203,1
DA:206,1
DA:207,3
DA:208,4
DA:209,1
DA:211,1
DA:213,2
DA:214,1
DA:215,1
DA:219,3
DA:220,1
DA:221,1
DA:222,3
DA:226,1
DA:228,2
DA:229,1
DA:230,1
DA:234,4
DA:236,1
DA:239,1
DA:240,1
DA:242,1
DA:243,1
DA:245,1
DA:249,1
DA:251,1
DA:253,1
DA:255,1
DA:259,1
DA:261,1
DA:266,4
DA:268,1
DA:270,1
DA:271,2
DA:272,1
DA:273,2
DA:274,1
DA:275,3
DA:280,1
DA:282,1
DA:287,1
DA:288,4
DA:291,1
DA:292,1
DA:294,1
DA:295,1
LF:136
LH:136
end_of_record
SF:lib\src\staff\invite_staff_screen.dart
DA:11,2
DA:15,2
DA:16,2
DA:37,1
DA:38,3
DA:39,3
DA:41,3
DA:42,4
DA:43,2
DA:45,3
DA:47,3
DA:48,4
DA:49,1
DA:51,1
DA:52,2
DA:53,2
DA:54,2
DA:55,3
DA:56,1
DA:57,3
DA:59,1
DA:60,5
DA:65,1
DA:66,1
DA:67,2
DA:71,4
DA:75,2
DA:77,4
DA:78,4
DA:79,4
DA:80,2
DA:83,2
DA:85,4
DA:86,2
DA:87,2
DA:88,2
DA:89,2
DA:91,2
DA:92,2
DA:93,2
DA:95,2
DA:96,2
DA:99,2
DA:102,2
DA:103,2
DA:111,1
DA:112,1
DA:113,1
DA:114,1
DA:119,2
DA:120,2
DA:126,3
DA:131,2
DA:132,2
DA:139,3
DA:144,2
DA:145,2
DA:150,2
DA:151,2
DA:152,4
DA:154,2
DA:156,0
DA:159,2
DA:160,1
DA:163,1
DA:164,1
DA:165,1
DA:167,1
DA:168,1
DA:169,2
DA:172,2
DA:173,2
DA:174,4
DA:175,2
LF:74
LH:73
end_of_record
SF:lib\src\printing\printing_providers.dart
DA:11,0
DA:12,0
DA:21,3
DA:22,0
DA:26,3
DA:27,0
LF:6
LH:2
end_of_record
SF:lib\src\expenses\expenses_repository.dart
DA:14,1
DA:21,1
DA:38,0
DA:39,0
DA:40,0
DA:41,0
DA:42,0
DA:43,0
DA:50,1
DA:52,2
DA:53,1
DA:54,1
DA:55,2
DA:56,1
DA:57,1
DA:58,3
DA:60,2
DA:61,2
DA:63,1
DA:65,1
DA:68,0
DA:72,1
DA:73,2
DA:74,1
DA:75,2
DA:76,2
DA:78,1
DA:80,1
DA:83,0
DA:90,1
DA:91,3
DA:92,1
DA:93,1
LF:33
LH:25
end_of_record
SF:lib\src\notifications\relative_time.dart
DA:4,2
DA:5,2
DA:8,6
DA:9,8
DA:10,4
DA:11,1
DA:12,2
LF:7
LH:7
end_of_record
SF:lib\src\printing\label_printer.dart
DA:6,8
DA:22,6
DA:23,3
DA:24,3
DA:25,3
DA:28,6
DA:29,3
DA:30,3
DA:31,3
DA:37,3
DA:38,12
DA:40,2
DA:41,4
DA:43,1
DA:44,3
LF:15
LH:15
end_of_record
SF:lib\src\printing\printer_store.dart
DA:10,2
DA:16,2
DA:17,8
DA:21,2
DA:22,4
DA:25,2
DA:26,2
DA:27,4
DA:33,3
LF:9
LH:9
end_of_record
SF:lib\src\sync\proof_events_repository.dart
DA:23,1
DA:34,1
DA:49,1
DA:51,1
DA:52,1
DA:53,1
DA:56,0
DA:62,0
DA:63,0
DA:65,0
DA:66,0
DA:67,0
DA:68,0
DA:69,0
DA:70,0
DA:71,0
DA:72,0
DA:73,0
DA:86,1
DA:91,2
DA:92,2
DA:98,1
DA:99,1
DA:100,2
LF:24
LH:12
end_of_record
SF:lib\src\orders\pricing\pricing_section.dart
DA:10,9
DA:21,9
DA:23,9
DA:25,9
DA:26,32
DA:27,5
DA:29,5
DA:30,5
DA:31,25
DA:32,25
DA:33,5
DA:34,10
DA:36,9
DA:41,9
DA:43,9
DA:55,9
DA:64,9
DA:66,18
DA:67,9
DA:68,9
DA:70,9
DA:71,9
DA:73,9
DA:74,18
DA:75,36
DA:78,9
DA:79,9
DA:84,9
DA:85,9
DA:86,9
DA:99,4
DA:101,5
DA:102,4
DA:105,8
DA:110,4
DA:114,4
DA:115,4
DA:125,4
DA:126,8
DA:127,12
DA:128,4
DA:129,4
DA:130,4
DA:131,4
DA:135,1
DA:136,5
DA:138,4
DA:139,16
DA:140,2
DA:141,6
DA:143,8
DA:146,4
DA:148,4
DA:149,4
DA:150,4
DA:151,4
DA:152,4
DA:155,4
DA:157,1
DA:160,1
DA:162,1
DA:163,1
DA:166,2
DA:167,4
DA:169,1
DA:170,1
DA:171,2
DA:172,1
DA:173,2
DA:174,4
DA:176,1
DA:177,1
DA:180,2
DA:181,4
DA:186,12
DA:187,4
DA:188,8
DA:189,12
DA:190,16
DA:191,8
DA:193,4
DA:194,16
DA:197,4
DA:198,4
DA:202,1
DA:203,1
DA:204,1
DA:205,1
DA:219,2
DA:220,2
DA:223,2
DA:232,61
DA:234,2
DA:235,2
DA:244,2
DA:246,4
DA:247,4
DA:248,2
DA:251,2
DA:252,6
DA:253,8
DA:254,2
DA:256,2
DA:258,2
DA:259,1
DA:260,1
DA:264,6
DA:267,2
DA:269,2
DA:270,2
DA:274,8
DA:276,2
DA:278,2
DA:279,2
DA:281,2
DA:282,2
DA:284,2
DA:288,2
DA:290,2
DA:292,2
DA:294,2
DA:298,2
DA:300,2
LF:123
LH:123
end_of_record
SF:lib\src\orders\proof\delivery_capture_screen.dart
DA:11,0
DA:14,3
DA:35,3
DA:36,3
DA:56,11
DA:58,1
DA:60,1
DA:62,1
DA:67,2
DA:68,8
DA:69,6
DA:71,6
DA:72,2
DA:74,4
DA:75,4
DA:78,1
DA:79,1
DA:80,3
DA:81,4
DA:84,1
DA:85,3
DA:91,2
DA:92,6
DA:97,2
DA:98,2
DA:99,6
DA:104,8
DA:110,4
DA:111,8
DA:112,8
DA:113,6
DA:116,4
DA:119,2
DA:121,1
DA:122,3
DA:123,3
DA:132,8
DA:133,6
DA:134,2
DA:135,2
DA:137,2
DA:138,13
DA:140,2
DA:144,6
DA:146,6
DA:147,4
DA:150,1
DA:151,3
DA:152,3
DA:162,8
DA:164,6
DA:165,6
DA:167,4
DA:168,2
DA:171,1
DA:172,3
DA:173,3
DA:184,2
DA:185,4
DA:188,3
DA:190,6
DA:191,3
DA:194,3
DA:196,9
DA:197,3
DA:198,6
DA:199,3
DA:200,6
DA:201,9
DA:205,3
DA:206,3
DA:213,3
DA:214,3
DA:215,9
DA:216,9
DA:218,3
DA:219,9
DA:223,3
DA:224,3
DA:226,3
DA:227,3
DA:229,9
DA:232,3
DA:235,4
DA:238,6
DA:240,2
DA:241,6
DA:249,3
DA:250,9
DA:251,9
DA:254,3
DA:256,3
DA:257,11
DA:258,2
DA:261,2
DA:262,8
DA:263,2
DA:266,2
DA:267,6
DA:270,2
DA:274,12
DA:275,3
DA:277,3
DA:278,3
DA:281,3
DA:282,3
DA:283,9
DA:285,3
DA:287,3
DA:289,9
DA:296,3
DA:297,3
DA:305,3
DA:306,5
LF:114
LH:113
end_of_record
SF:lib\src\orders\proof\printable_tag.dart
DA:18,8
DA:37,7
DA:39,14
DA:40,7
DA:41,7
DA:42,7
DA:44,7
DA:46,7
DA:48,7
DA:49,7
DA:50,7
DA:51,7
DA:55,7
DA:56,7
DA:65,14
DA:67,7
DA:88,61
DA:90,0
DA:91,0
DA:100,1
DA:104,2
DA:105,1
DA:110,1
DA:112,1
DA:116,2
DA:118,1
LF:26
LH:24
end_of_record
SF:lib\src\orders\proof\scanner_screen.dart
DA:8,3
DA:20,3
DA:21,3
DA:35,2
DA:36,1
DA:38,3
DA:39,6
DA:40,3
DA:44,3
DA:45,2
DA:46,1
DA:47,3
DA:48,1
DA:49,2
DA:59,3
DA:60,9
DA:62,2
DA:63,15
DA:65,3
DA:66,6
DA:69,2
DA:70,2
DA:71,1
DA:72,2
DA:73,4
DA:74,1
DA:75,2
DA:80,1
DA:81,3
DA:84,1
DA:85,2
DA:86,2
DA:87,1
DA:88,2
DA:92,3
DA:94,6
DA:95,3
DA:98,3
DA:100,3
DA:101,2
DA:102,3
DA:103,3
DA:104,3
DA:105,3
DA:106,1
DA:107,1
DA:108,1
DA:109,1
DA:111,12
DA:113,6
DA:114,1
DA:119,1
DA:120,1
DA:128,3
DA:130,3
DA:131,3
DA:132,3
DA:133,3
DA:146,1
DA:156,1
DA:158,1
DA:160,1
DA:162,1
DA:163,1
DA:165,1
DA:167,3
DA:172,1
DA:173,1
DA:179,3
DA:182,1
DA:183,1
DA:185,1
DA:186,1
DA:193,1
DA:194,1
LF:75
LH:75
end_of_record
SF:lib\src\orders\proof\tag_print_view.dart
DA:19,1
DA:22,1
DA:23,0
DA:26,0
DA:27,0
DA:38,6
DA:68,6
DA:69,6
DA:79,3
DA:80,6
DA:81,3
DA:82,9
DA:84,3
DA:85,6
DA:86,1
DA:89,2
DA:91,12
DA:92,3
DA:93,3
DA:95,4
DA:97,12
DA:105,2
DA:106,5
DA:109,1
DA:115,2
DA:118,2
DA:121,3
DA:125,5
DA:135,2
DA:136,2
DA:137,2
DA:138,2
DA:139,2
DA:145,2
DA:146,2
DA:147,4
DA:148,2
DA:150,2
DA:155,2
DA:156,2
DA:158,4
DA:159,4
DA:167,3
DA:168,3
DA:169,9
DA:170,6
DA:174,6
DA:176,12
DA:177,6
DA:179,6
DA:181,6
DA:182,12
DA:183,12
DA:184,6
DA:185,12
DA:187,3
DA:189,3
DA:190,6
DA:191,6
LF:59
LH:56
end_of_record
SF:lib\src\orders\widgets\order_card.dart
DA:17,6
DA:43,12
DA:49,9
DA:50,3
DA:51,3
DA:55,6
DA:56,16
DA:62,17
DA:64,3
DA:65,6
DA:66,3
DA:67,3
DA:68,3
DA:70,6
DA:71,3
DA:73,3
DA:74,3
DA:75,2
DA:78,2
DA:79,2
DA:80,4
DA:86,3
DA:87,3
DA:89,9
DA:90,3
DA:91,3
DA:92,6
DA:95,1
DA:96,1
DA:98,1
DA:99,1
DA:100,1
DA:101,2
DA:104,3
DA:105,2
DA:106,4
DA:107,2
DA:108,4
DA:109,2
DA:110,2
DA:111,2
DA:115,6
DA:125,2
DA:126,2
DA:128,4
DA:130,2
DA:131,6
DA:133,2
DA:134,2
DA:135,2
DA:138,2
DA:139,4
DA:148,6
DA:150,6
DA:152,6
DA:153,3
DA:154,6
DA:166,3
DA:172,3
DA:173,3
DA:180,9
DA:186,6
DA:187,6
DA:193,3
DA:194,2
DA:198,2
DA:202,6
DA:203,12
DA:205,18
DA:206,12
DA:207,12
DA:209,6
DA:210,6
DA:211,6
DA:213,6
DA:214,6
DA:215,6
DA:216,6
DA:219,6
DA:220,12
DA:221,12
DA:223,6
DA:225,6
DA:229,6
DA:230,6
DA:232,6
DA:233,6
DA:234,12
DA:235,6
DA:238,6
DA:239,36
DA:240,6
DA:245,6
DA:249,6
DA:250,6
DA:251,6
DA:253,12
DA:256,6
DA:258,18
DA:263,6
DA:264,6
DA:265,6
DA:270,6
DA:271,12
DA:272,6
DA:274,6
DA:275,18
DA:276,6
DA:277,6
DA:285,9
DA:287,3
DA:291,2
DA:303,6
DA:308,6
DA:310,6
DA:311,6
DA:316,6
DA:317,12
DA:318,6
DA:320,6
DA:322,6
DA:323,6
DA:324,6
DA:326,18
DA:329,6
DA:330,6
DA:331,6
DA:333,24
LF:128
LH:128
end_of_record
SF:lib\src\orders\widgets\barcode_search_scan_screen.dart
DA:13,1
DA:17,1
DA:19,1
DA:27,1
DA:28,2
DA:29,1
DA:30,1
DA:31,1
DA:32,2
DA:35,1
DA:37,1
DA:38,0
DA:39,4
LF:13
LH:12
end_of_record
SF:lib\src\orders\proof\barcode_scanner_scaffold.dart
DA:13,5
DA:27,5
DA:29,5
DA:30,10
DA:31,5
DA:32,10
DA:33,15
DA:36,5
DA:38,5
DA:41,10
LF:10
LH:10
end_of_record
SF:lib\src\orders\proof\qr_display_widget.dart
DA:5,8
DA:24,8
DA:26,8
DA:27,8
DA:29,8
DA:31,8
DA:34,16
DA:35,2
DA:39,1
DA:43,4
DA:44,1
DA:45,1
DA:46,1
DA:49,1
DA:51,1
DA:53,1
DA:56,1
DA:58,1
DA:59,1
DA:61,3
LF:20
LH:20
end_of_record
SF:lib\src\pricing\pricing_catalog_repository.dart
DA:15,0
DA:21,1
DA:32,1
DA:33,1
DA:34,1
DA:35,0
DA:36,0
DA:38,0
DA:39,0
DA:40,0
DA:44,1
DA:45,1
DA:46,2
DA:50,1
DA:51,1
DA:52,2
DA:57,1
DA:58,1
DA:59,1
DA:61,1
DA:64,0
LF:21
LH:14
end_of_record
SF:lib\src\pricing\pricing_settings_repository.dart
DA:14,0
DA:21,2
DA:38,1
DA:39,1
DA:40,1
DA:41,0
DA:42,0
DA:43,0
DA:44,0
DA:45,0
DA:51,1
DA:52,1
DA:53,1
DA:54,1
DA:56,2
DA:57,2
DA:65,1
DA:72,3
DA:73,1
DA:78,4
DA:81,1
DA:83,1
DA:86,0
LF:23
LH:16
end_of_record
SF:lib\src\printing\bluetooth_label_printer.dart
DA:11,0
DA:13,0
DA:14,0
DA:27,0
DA:34,0
DA:35,0
DA:36,0
DA:40,0
DA:41,0
DA:43,0
DA:44,0
DA:46,0
DA:48,0
DA:49,0
DA:50,0
DA:51,0
DA:55,0
DA:59,0
DA:63,0
DA:65,0
DA:67,0
DA:70,0
DA:74,0
DA:75,0
DA:78,0
DA:80,0
DA:81,0
DA:84,0
DA:86,0
DA:93,0
DA:95,0
DA:97,0
DA:98,0
DA:99,0
DA:100,0
DA:103,0
DA:106,0
DA:110,0
DA:111,0
LF:39
LH:0
end_of_record
SF:lib\src\staff\invite_staff_service.dart
DA:16,2
DA:18,1
DA:19,2
DA:27,2
DA:31,1
DA:38,4
DA:39,2
DA:40,1
DA:41,2
DA:44,1
DA:45,2
DA:52,1
DA:53,1
DA:54,3
DA:55,1
DA:57,2
LF:16
LH:16
end_of_record
SF:lib\src\sync\connectivity_watcher.dart
DA:5,1
DA:6,0
DA:17,1
DA:21,2
DA:23,5
DA:24,3
DA:26,1
DA:28,1
DA:34,1
DA:35,2
DA:36,3
DA:39,3
LF:12
LH:11
end_of_record
SF:lib\src\sync\outbox_repository.dart
DA:12,5
DA:23,1
DA:31,2
DA:45,4
DA:52,20
DA:53,4
DA:58,4
DA:64,2
DA:65,8
DA:66,10
DA:67,10
DA:68,2
DA:69,2
DA:72,2
DA:73,18
DA:78,4
DA:79,16
DA:80,16
DA:81,20
DA:82,4
DA:92,1
DA:93,4
DA:94,7
DA:95,1
DA:113,1
DA:114,4
DA:115,7
DA:116,1
DA:124,4
DA:131,12
DA:133,32
DA:134,4
DA:136,8
DA:137,4
DA:138,36
DA:139,4
DA:140,4
DA:141,4
DA:142,4
DA:143,8
LF:40
LH:40
end_of_record
SF:lib\src\sync\outbox_worker.dart
DA:17,1
DA:59,0
DA:60,0
DA:61,0
DA:63,0
DA:64,0
DA:66,0
DA:67,0
DA:69,0
DA:70,0
DA:73,0
DA:80,1
DA:81,2
DA:82,1
DA:83,2
DA:84,2
DA:85,0
DA:90,1
DA:91,3
DA:93,2
DA:95,2
DA:96,5
DA:97,3
DA:98,1
DA:99,1
DA:100,2
DA:106,3
DA:107,1
DA:110,6
DA:111,1
DA:114,3
DA:125,4
DA:126,1
DA:134,0
DA:135,0
DA:136,0
DA:139,1
DA:140,1
DA:141,1
DA:142,1
LF:40
LH:26
end_of_record
SF:lib\src\sync\pull_dead_letter_repository.dart
DA:11,4
DA:20,3
DA:26,4
DA:27,6
DA:29,6
DA:30,15
DA:31,3
DA:34,3
DA:36,3
DA:43,4
DA:44,16
DA:45,20
DA:46,4
DA:52,1
DA:53,4
DA:54,4
DA:55,1
LF:17
LH:17
end_of_record
SF:lib\src\sync\staff_repository.dart
DA:10,1
DA:15,0
DA:16,0
DA:17,0
DA:18,0
DA:19,0
DA:20,0
DA:21,0
DA:22,0
DA:23,0
DA:26,0
DA:30,0
DA:31,0
DA:32,0
DA:33,0
DA:34,0
DA:35,0
DA:36,0
DA:45,0
DA:46,0
DA:47,0
LF:21
LH:1
end_of_record
SF:lib\src\sync\status_events_repository.dart
DA:12,1
DA:17,0
DA:18,0
DA:19,0
DA:20,0
DA:21,0
DA:22,0
DA:23,0
DA:24,0
LF:9
LH:1
end_of_record
SF:lib\src\sync\sync_status.dart
DA:6,2
DA:19,12
DA:24,11
DA:25,4
DA:26,6
DA:27,4
DA:28,4
DA:29,10
DA:30,10
DA:37,11
DA:38,4
DA:39,6
DA:40,8
DA:41,8
DA:45,8
DA:48,8
DA:49,6
DA:50,6
DA:51,4
DA:52,2
LF:20
LH:20
end_of_record
SF:lib\src\sync\sync_puller.dart
DA:22,1
DA:34,3
DA:39,0
DA:40,0
DA:42,0
DA:43,0
DA:44,0
DA:45,0
DA:46,0
DA:50,1
DA:51,4
DA:52,4
DA:53,1
DA:54,2
DA:57,1
DA:58,5
DA:59,1
DA:75,1
DA:76,2
DA:77,2
DA:78,1
DA:83,1
DA:88,3
DA:89,2
DA:90,2
DA:91,3
DA:92,1
DA:96,1
DA:97,2
DA:104,2
DA:105,1
DA:119,1
DA:122,3
DA:123,2
DA:125,2
DA:126,1
DA:128,3
DA:131,3
DA:132,1
DA:135,2
DA:139,1
DA:140,2
DA:142,1
DA:143,1
DA:145,1
DA:146,1
DA:147,1
DA:148,2
DA:151,1
DA:152,2
DA:158,1
DA:159,1
DA:160,1
DA:169,1
DA:170,4
DA:173,1
DA:175,2
DA:176,2
DA:184,1
DA:186,1
DA:187,0
DA:189,1
DA:190,4
DA:192,1
DA:193,4
DA:195,1
DA:196,0
DA:198,1
DA:199,4
DA:202,1
DA:203,4
DA:206,1
DA:207,4
DA:210,1
DA:211,4
DA:214,1
DA:215,4
DA:219,0
DA:225,2
DA:226,2
DA:228,0
DA:229,0
DA:230,0
DA:231,0
DA:232,0
DA:233,0
DA:234,0
DA:235,0
DA:236,0
DA:237,0
DA:238,0
DA:241,2
DA:242,1
DA:243,1
DA:244,1
DA:245,2
DA:246,2
DA:247,2
DA:248,2
DA:249,3
DA:252,2
DA:253,1
DA:254,1
DA:255,2
DA:256,1
DA:257,1
DA:258,1
DA:259,1
DA:260,1
DA:261,1
DA:262,1
DA:263,1
DA:264,2
DA:265,3
DA:266,2
DA:267,1
DA:268,1
DA:269,2
DA:270,2
DA:271,3
DA:272,3
DA:273,3
DA:276,0
DA:277,0
DA:278,0
DA:279,0
DA:280,0
DA:281,0
DA:282,0
DA:283,0
DA:284,0
DA:285,0
DA:286,0
DA:287,0
DA:290,1
DA:292,1
DA:293,1
DA:294,1
DA:295,2
DA:296,1
DA:297,1
DA:298,2
DA:299,1
DA:300,2
DA:303,1
DA:304,1
DA:305,1
DA:306,1
DA:307,1
DA:308,2
DA:309,2
DA:310,2
DA:311,3
DA:312,2
DA:315,1
DA:316,1
DA:317,1
DA:318,2
DA:319,1
DA:320,1
DA:321,1
DA:322,2
DA:323,3
DA:324,2
DA:327,1
DA:328,1
DA:329,1
DA:330,1
DA:331,2
DA:332,3
DA:333,3
DA:334,3
DA:335,3
DA:336,3
DA:339,1
DA:341,1
DA:342,1
DA:343,1
DA:344,1
DA:345,2
DA:346,1
DA:351,1
LF:182
LH:149
end_of_record
SF:lib\src\sync\valid_transitions_loader.dart
DA:15,1
DA:30,1
DA:31,3
DA:32,1
DA:34,3
DA:35,2
DA:36,1
DA:37,2
DA:38,1
DA:39,1
DA:40,1
DA:41,1
DA:42,2
DA:43,1
LF:14
LH:14
end_of_record
SF:lib\src\sync\sync_registry.dart
DA:4,123
LF:1
LH:1
end_of_record
SF:lib\src\bootstrap\app_bootstrap.dart
DA:8,0
DA:10,0
DA:11,0
DA:12,0
DA:13,0
DA:14,0
DA:15,0
DA:32,1
DA:33,1
LF:9
LH:2
end_of_record
SF:lib\src\data\orders_seeder.dart
DA:7,2
DA:17,2
DA:18,2
DA:19,8
DA:20,2
DA:21,4
DA:22,4
DA:23,6
DA:36,4
DA:37,2
DA:43,2
DA:51,2
DA:52,2
DA:54,2
DA:60,2
DA:68,2
DA:69,2
DA:71,2
DA:77,2
DA:85,2
DA:86,2
DA:88,2
DA:94,2
DA:102,2
DA:103,2
LF:25
LH:25
end_of_record
SF:lib\src\shared\widgets\sync_status_banner.dart
DA:14,2
DA:20,1
DA:22,2
DA:23,2
DA:25,1
DA:30,1
DA:31,2
DA:32,4
DA:33,2
DA:35,1
DA:39,1
DA:40,2
DA:41,1
DA:43,1
DA:44,1
DA:45,4
DA:47,1
DA:48,1
DA:49,4
DA:55,4
DA:59,1
DA:60,3
DA:62,2
DA:67,3
DA:70,1
DA:71,1
DA:72,1
DA:73,4
DA:74,5
DA:75,1
DA:77,1
DA:79,1
DA:80,1
DA:81,2
DA:83,2
LF:35
LH:35
end_of_record
SF:lib\src\sync\sync_errors_provider.dart
DA:8,12
DA:9,8
DA:13,12
DA:14,8
DA:20,8
DA:21,6
DA:22,6
DA:23,6
LF:8
LH:8
end_of_record
SF:lib\src\sync\sync_errors_screen.dart
DA:11,1
DA:13,1
DA:15,2
DA:16,2
DA:18,1
DA:19,2
DA:20,1
DA:21,2
DA:22,3
DA:29,1
DA:30,1
DA:31,1
DA:36,2
DA:39,2
DA:48,1
DA:49,1
DA:50,2
DA:61,1
DA:63,1
DA:64,2
DA:66,1
DA:67,1
DA:69,1
DA:72,2
DA:73,2
DA:75,1
DA:76,2
DA:84,1
DA:85,1
DA:87,2
DA:93,1
DA:94,1
DA:95,1
DA:96,2
DA:99,1
DA:100,1
DA:101,2
DA:107,1
DA:110,2
DA:111,2
DA:113,1
DA:114,2
DA:124,2
DA:127,1
DA:128,1
DA:130,1
DA:133,2
DA:134,2
DA:136,1
DA:137,2
DA:157,4
DA:160,1
DA:162,1
DA:164,1
DA:165,1
DA:166,1
DA:169,3
DA:177,1
DA:186,1
DA:188,1
DA:193,1
DA:194,1
DA:195,4
DA:197,1
DA:198,1
DA:199,7
DA:203,1
DA:204,3
DA:208,1
DA:210,1
DA:211,2
DA:212,2
DA:221,1
DA:225,1
DA:227,1
DA:232,1
DA:233,1
DA:234,4
DA:236,1
DA:237,1
DA:238,3
DA:242,1
DA:243,3
DA:247,1
DA:249,1
DA:256,1
DA:257,1
LF:87
LH:87
end_of_record
SF:lib\src\orders\proof\proof_photo_storage_io.dart
DA:14,1
DA:19,1
DA:22,3
DA:26,3
DA:34,1
DA:44,1
DA:51,1
DA:52,5
DA:54,1
DA:55,1
DA:57,3
DA:59,5
DA:60,4
DA:61,1
DA:62,1
DA:69,0
DA:70,0
DA:71,0
DA:73,0
DA:74,0
DA:75,0
DA:76,0
DA:77,0
DA:78,0
DA:79,0
DA:82,0
DA:83,0
DA:84,0
LF:28
LH:15
end_of_record
SF:lib\src\sync\sync_orchestrator_provider.dart
DA:21,3
DA:22,0
DA:23,0
DA:24,0
DA:25,0
DA:26,0
DA:27,0
DA:32,0
DA:34,0
DA:36,0
DA:37,0
DA:39,0
DA:40,0
DA:42,0
DA:44,0
DA:45,0
DA:58,7
DA:59,2
DA:67,1
DA:68,1
DA:70,3
DA:71,1
DA:72,0
DA:77,1
DA:78,1
DA:79,1
DA:80,2
DA:81,1
DA:85,2
DA:86,1
DA:90,2
DA:95,2
DA:96,2
LF:33
LH:17
end_of_record
SF:lib\main.dart
DA:12,0
DA:13,0
DA:15,0
DA:16,0
DA:17,0
DA:18,0
DA:25,2
DA:27,1
DA:34,1
DA:37,1
LF:10
LH:4
end_of_record
